{"D:\\repos\\blog-node-backend\\src\\app.ts": {"path":"D:\\repos\\blog-node-backend\\src\\app.ts","statementMap":{"0":{"start":{"line":1,"column":0},"end":{"line":1,"column":30}},"1":{"start":{"line":2,"column":0},"end":{"line":2,"column":41}},"2":{"start":{"line":3,"column":0},"end":{"line":3,"column":45}},"3":{"start":{"line":4,"column":0},"end":{"line":4,"column":28}},"4":{"start":{"line":5,"column":0},"end":{"line":5,"column":24}},"5":{"start":{"line":7,"column":0},"end":{"line":7,"column":37}},"6":{"start":{"line":8,"column":0},"end":{"line":8,"column":38}},"7":{"start":{"line":10,"column":0},"end":{"line":10,"column":67}},"8":{"start":{"line":12,"column":0},"end":{"line":12,"column":73}},"9":{"start":{"line":13,"column":0},"end":{"line":13,"column":69}},"10":{"start":{"line":14,"column":0},"end":{"line":14,"column":49}},"11":{"start":{"line":15,"column":0},"end":{"line":15,"column":65}},"12":{"start":{"line":16,"column":0},"end":{"line":16,"column":65}},"13":{"start":{"line":17,"column":0},"end":{"line":17,"column":59}},"14":{"start":{"line":18,"column":0},"end":{"line":18,"column":69}},"15":{"start":{"line":19,"column":0},"end":{"line":19,"column":63}},"16":{"start":{"line":20,"column":0},"end":{"line":20,"column":67}},"17":{"start":{"line":24,"column":20},"end":{"line":24,"column":65}},"18":{"start":{"line":26,"column":21},"end":{"line":26,"column":71}},"19":{"start":{"line":30,"column":8},"end":{"line":30,"column":29}},"20":{"start":{"line":31,"column":8},"end":{"line":31,"column":33}},"21":{"start":{"line":33,"column":8},"end":{"line":38,"column":null}},"22":{"start":{"line":35,"column":12},"end":{"line":37,"column":14}},"23":{"start":{"line":42,"column":8},"end":{"line":42,"column":50}},"24":{"start":{"line":43,"column":8},"end":{"line":43,"column":34}},"25":{"start":{"line":44,"column":8},"end":{"line":44,"column":37}},"26":{"start":{"line":45,"column":8},"end":{"line":45,"column":37}},"27":{"start":{"line":47,"column":8},"end":{"line":47,"column":20}},"28":{"start":{"line":51,"column":8},"end":{"line":51,"column":24}},"29":{"start":{"line":55,"column":8},"end":{"line":57,"column":11}},"30":{"start":{"line":56,"column":12},"end":{"line":56,"column":73}},"31":{"start":{"line":61,"column":8},"end":{"line":69,"column":11}},"32":{"start":{"line":71,"column":8},"end":{"line":71,"column":45}},"33":{"start":{"line":75,"column":36},"end":{"line":75,"column":61}},"34":{"start":{"line":77,"column":8},"end":{"line":77,"column":35}},"35":{"start":{"line":79,"column":8},"end":{"line":79,"column":45}},"36":{"start":{"line":83,"column":31},"end":{"line":85,"column":10}},"37":{"start":{"line":87,"column":8},"end":{"line":87,"column":36}},"38":{"start":{"line":89,"column":8},"end":{"line":89,"column":37}},"39":{"start":{"line":90,"column":8},"end":{"line":90,"column":61}},"40":{"start":{"line":91,"column":8},"end":{"line":91,"column":53}},"41":{"start":{"line":93,"column":8},"end":{"line":98,"column":10}},"42":{"start":{"line":100,"column":8},"end":{"line":100,"column":62}},"43":{"start":{"line":101,"column":8},"end":{"line":114,"column":10}},"44":{"start":{"line":116,"column":8},"end":{"line":116,"column":44}},"45":{"start":{"line":117,"column":8},"end":{"line":117,"column":41}},"46":{"start":{"line":119,"column":8},"end":{"line":119,"column":48}},"47":{"start":{"line":123,"column":47},"end":{"line":131,"column":10}},"48":{"start":{"line":133,"column":8},"end":{"line":135,"column":11}},"49":{"start":{"line":134,"column":12},"end":{"line":134,"column":71}},"50":{"start":{"line":138,"column":8},"end":{"line":147,"column":10}},"51":{"start":{"line":145,"column":16},"end":{"line":145,"column":75}},"52":{"start":{"line":149,"column":8},"end":{"line":151,"column":null}},"53":{"start":{"line":150,"column":12},"end":{"line":150,"column":38}},"54":{"start":{"line":153,"column":8},"end":{"line":153,"column":38}},"55":{"start":{"line":155,"column":8},"end":{"line":155,"column":43}},"56":{"start":{"line":22,"column":0},"end":{"line":22,"column":13}}},"fnMap":{"0":{"name":"(anonymous_1)","decl":{"start":{"line":29,"column":4},"end":{"line":29,"column":16}},"loc":{"start":{"line":29,"column":29},"end":{"line":39,"column":5}}},"1":{"name":"(anonymous_2)","decl":{"start":{"line":35,"column":26},"end":{"line":35,"column":27}},"loc":{"start":{"line":35,"column":78},"end":{"line":37,"column":13}}},"2":{"name":"(anonymous_3)","decl":{"start":{"line":41,"column":11},"end":{"line":41,"column":16}},"loc":{"start":{"line":41,"column":34},"end":{"line":48,"column":5}}},"3":{"name":"(anonymous_4)","decl":{"start":{"line":50,"column":11},"end":{"line":50,"column":24}},"loc":{"start":{"line":50,"column":24},"end":{"line":52,"column":5}}},"4":{"name":"(anonymous_5)","decl":{"start":{"line":54,"column":11},"end":{"line":54,"column":17}},"loc":{"start":{"line":54,"column":17},"end":{"line":58,"column":5}}},"5":{"name":"(anonymous_6)","decl":{"start":{"line":55,"column":35},"end":{"line":55,"column":38}},"loc":{"start":{"line":55,"column":40},"end":{"line":57,"column":9}}},"6":{"name":"(anonymous_7)","decl":{"start":{"line":60,"column":12},"end":{"line":60,"column":17}},"loc":{"start":{"line":60,"column":46},"end":{"line":72,"column":5}}},"7":{"name":"(anonymous_8)","decl":{"start":{"line":74,"column":12},"end":{"line":74,"column":30}},"loc":{"start":{"line":74,"column":30},"end":{"line":80,"column":5}}},"8":{"name":"(anonymous_9)","decl":{"start":{"line":82,"column":12},"end":{"line":82,"column":33}},"loc":{"start":{"line":82,"column":33},"end":{"line":120,"column":5}}},"9":{"name":"(anonymous_10)","decl":{"start":{"line":122,"column":12},"end":{"line":122,"column":33}},"loc":{"start":{"line":122,"column":33},"end":{"line":156,"column":5}}},"10":{"name":"(anonymous_11)","decl":{"start":{"line":133,"column":28},"end":{"line":133,"column":29}},"loc":{"start":{"line":133,"column":50},"end":{"line":135,"column":9}}},"11":{"name":"(anonymous_12)","decl":{"start":{"line":140,"column":12},"end":{"line":140,"column":null}},"loc":{"start":{"line":144,"column":16},"end":{"line":146,"column":13}}}},"branchMap":{"0":{"loc":{"start":{"line":31,"column":20},"end":{"line":31,"column":24}},"type":"binary-expr","locations":[{"start":{"line":31,"column":20},"end":{"line":31,"column":24}},{"start":{"line":31,"column":28},"end":{"line":31,"column":32}}]},"1":{"loc":{"start":{"line":33,"column":8},"end":{"line":38,"column":null}},"type":"if","locations":[{"start":{"line":33,"column":8},"end":{"line":38,"column":null}},{"start":{"line":33,"column":8},"end":{"line":38,"column":null}}]},"2":{"loc":{"start":{"line":149,"column":8},"end":{"line":151,"column":null}},"type":"if","locations":[{"start":{"line":149,"column":8},"end":{"line":151,"column":null}},{"start":{"line":149,"column":8},"end":{"line":151,"column":null}}]}},"s":{"0":1,"1":1,"2":1,"3":1,"4":1,"5":1,"6":1,"7":1,"8":1,"9":1,"10":1,"11":1,"12":1,"13":1,"14":1,"15":1,"16":1,"17":1,"18":1,"19":1,"20":1,"21":1,"22":1,"23":1,"24":1,"25":1,"26":1,"27":1,"28":8,"29":0,"30":0,"31":1,"32":1,"33":1,"34":1,"35":1,"36":1,"37":1,"38":1,"39":1,"40":1,"41":1,"42":1,"43":1,"44":1,"45":1,"46":1,"47":1,"48":1,"49":6,"50":1,"51":0,"52":1,"53":0,"54":1,"55":1,"56":1},"f":{"0":1,"1":4,"2":1,"3":8,"4":0,"5":0,"6":1,"7":1,"8":1,"9":1,"10":6,"11":0},"b":{"0":[1,0],"1":[1,0],"2":[0,1]}}
,"D:\\repos\\blog-node-backend\\src\\config\\appOptions.ts": {"path":"D:\\repos\\blog-node-backend\\src\\config\\appOptions.ts","statementMap":{"0":{"start":{"line":3,"column":13},"end":{"line":7,"column":2}}},"fnMap":{},"branchMap":{},"s":{"0":1},"f":{},"b":{}}
,"D:\\repos\\blog-node-backend\\src\\config\\config.ts": {"path":"D:\\repos\\blog-node-backend\\src\\config\\config.ts","statementMap":{"0":{"start":{"line":1,"column":0},"end":{"line":1,"column":28}},"1":{"start":{"line":4,"column":0},"end":{"line":4,"column":16}},"2":{"start":{"line":6,"column":13},"end":{"line":27,"column":2}}},"fnMap":{},"branchMap":{"0":{"loc":{"start":{"line":12,"column":23},"end":{"line":12,"column":42}},"type":"binary-expr","locations":[{"start":{"line":12,"column":23},"end":{"line":12,"column":42}},{"start":{"line":12,"column":46},"end":{"line":12,"column":52}}]},"1":{"loc":{"start":{"line":24,"column":23},"end":{"line":24,"column":42}},"type":"binary-expr","locations":[{"start":{"line":24,"column":23},"end":{"line":24,"column":42}},{"start":{"line":24,"column":46},"end":{"line":24,"column":52}}]}},"s":{"0":1,"1":1,"2":1},"f":{},"b":{"0":[1,0],"1":[1,0]}}
,"D:\\repos\\blog-node-backend\\src\\config\\emailOptions.ts": {"path":"D:\\repos\\blog-node-backend\\src\\config\\emailOptions.ts","statementMap":{"0":{"start":{"line":3,"column":13},"end":{"line":8,"column":2}}},"fnMap":{},"branchMap":{},"s":{"0":1},"f":{},"b":{}}
,"D:\\repos\\blog-node-backend\\src\\config\\jwtOptions.ts": {"path":"D:\\repos\\blog-node-backend\\src\\config\\jwtOptions.ts","statementMap":{"0":{"start":{"line":3,"column":13},"end":{"line":7,"column":2}}},"fnMap":{},"branchMap":{},"s":{"0":1},"f":{},"b":{}}
,"D:\\repos\\blog-node-backend\\src\\controllers\\Account.controller.ts": {"path":"D:\\repos\\blog-node-backend\\src\\controllers\\Account.controller.ts","statementMap":{"0":{"start":{"line":2,"column":0},"end":{"line":2,"column":34}},"1":{"start":{"line":3,"column":0},"end":{"line":3,"column":59}},"2":{"start":{"line":4,"column":0},"end":{"line":4,"column":32}},"3":{"start":{"line":5,"column":0},"end":{"line":5,"column":28}},"4":{"start":{"line":6,"column":0},"end":{"line":6,"column":20}},"5":{"start":{"line":7,"column":0},"end":{"line":7,"column":40}},"6":{"start":{"line":8,"column":0},"end":{"line":8,"column":50}},"7":{"start":{"line":9,"column":0},"end":{"line":9,"column":51}},"8":{"start":{"line":10,"column":0},"end":{"line":10,"column":44}},"9":{"start":{"line":11,"column":0},"end":{"line":11,"column":61}},"10":{"start":{"line":12,"column":0},"end":{"line":12,"column":55}},"11":{"start":{"line":13,"column":0},"end":{"line":13,"column":64}},"12":{"start":{"line":14,"column":0},"end":{"line":14,"column":43}},"13":{"start":{"line":15,"column":0},"end":{"line":15,"column":54}},"14":{"start":{"line":16,"column":0},"end":{"line":16,"column":50}},"15":{"start":{"line":17,"column":0},"end":{"line":17,"column":28}},"16":{"start":{"line":18,"column":0},"end":{"line":18,"column":73}},"17":{"start":{"line":19,"column":0},"end":{"line":19,"column":56}},"18":{"start":{"line":20,"column":0},"end":{"line":20,"column":70}},"19":{"start":{"line":21,"column":0},"end":{"line":21,"column":52}},"20":{"start":{"line":22,"column":0},"end":{"line":22,"column":44}},"21":{"start":{"line":23,"column":0},"end":{"line":23,"column":46}},"22":{"start":{"line":24,"column":0},"end":{"line":24,"column":50}},"23":{"start":{"line":25,"column":0},"end":{"line":25,"column":60}},"24":{"start":{"line":29,"column":8},"end":{"line":29,"column":30}},"25":{"start":{"line":33,"column":8},"end":{"line":33,"column":60}},"26":{"start":{"line":34,"column":8},"end":{"line":34,"column":62}},"27":{"start":{"line":35,"column":8},"end":{"line":35,"column":64}},"28":{"start":{"line":36,"column":8},"end":{"line":40,"column":10}},"29":{"start":{"line":41,"column":8},"end":{"line":41,"column":76}},"30":{"start":{"line":42,"column":8},"end":{"line":46,"column":10}},"31":{"start":{"line":47,"column":8},"end":{"line":47,"column":70}},"32":{"start":{"line":48,"column":8},"end":{"line":51,"column":10}},"33":{"start":{"line":52,"column":8},"end":{"line":52,"column":74}},"34":{"start":{"line":53,"column":8},"end":{"line":57,"column":10}},"35":{"start":{"line":76,"column":8},"end":{"line":126,"column":27}},"36":{"start":{"line":77,"column":12},"end":{"line":80,"column":null}},"37":{"start":{"line":78,"column":16},"end":{"line":78,"column":35}},"38":{"start":{"line":79,"column":16},"end":{"line":79,"column":26}},"39":{"start":{"line":82,"column":12},"end":{"line":84,"column":null}},"40":{"start":{"line":83,"column":16},"end":{"line":83,"column":57}},"41":{"start":{"line":87,"column":12},"end":{"line":125,"column":15}},"42":{"start":{"line":88,"column":16},"end":{"line":90,"column":null}},"43":{"start":{"line":89,"column":20},"end":{"line":89,"column":42}},"44":{"start":{"line":92,"column":16},"end":{"line":124,"column":null}},"45":{"start":{"line":94,"column":40},"end":{"line":99,"column":22}},"46":{"start":{"line":101,"column":36},"end":{"line":106,"column":22}},"47":{"start":{"line":107,"column":34},"end":{"line":110,"column":null}},"48":{"start":{"line":113,"column":20},"end":{"line":121,"column":22}},"49":{"start":{"line":123,"column":20},"end":{"line":123,"column":35}},"50":{"start":{"line":143,"column":27},"end":{"line":143,"column":50}},"51":{"start":{"line":144,"column":8},"end":{"line":163,"column":null}},"52":{"start":{"line":145,"column":12},"end":{"line":145,"column":25}},"53":{"start":{"line":147,"column":12},"end":{"line":151,"column":null}},"54":{"start":{"line":148,"column":16},"end":{"line":150,"column":19}},"55":{"start":{"line":149,"column":20},"end":{"line":149,"column":39}},"56":{"start":{"line":153,"column":12},"end":{"line":159,"column":14}},"57":{"start":{"line":161,"column":12},"end":{"line":161,"column":29}},"58":{"start":{"line":162,"column":12},"end":{"line":162,"column":20}},"59":{"start":{"line":189,"column":8},"end":{"line":257,"column":null}},"60":{"start":{"line":196,"column":16},"end":{"line":196,"column":24}},"61":{"start":{"line":198,"column":12},"end":{"line":198,"column":63}},"62":{"start":{"line":199,"column":12},"end":{"line":199,"column":69}},"63":{"start":{"line":200,"column":12},"end":{"line":200,"column":68}},"64":{"start":{"line":201,"column":12},"end":{"line":201,"column":76}},"65":{"start":{"line":202,"column":12},"end":{"line":205,"column":14}},"66":{"start":{"line":209,"column":12},"end":{"line":213,"column":15}},"67":{"start":{"line":215,"column":12},"end":{"line":220,"column":null}},"68":{"start":{"line":216,"column":16},"end":{"line":219,"column":19}},"69":{"start":{"line":222,"column":12},"end":{"line":224,"column":15}},"70":{"start":{"line":226,"column":12},"end":{"line":231,"column":null}},"71":{"start":{"line":227,"column":16},"end":{"line":230,"column":19}},"72":{"start":{"line":233,"column":35},"end":{"line":233,"column":73}},"73":{"start":{"line":234,"column":28},"end":{"line":239,"column":14}},"74":{"start":{"line":242,"column":23},"end":{"line":245,"column":14}},"75":{"start":{"line":247,"column":12},"end":{"line":247,"column":64}},"76":{"start":{"line":249,"column":12},"end":{"line":254,"column":14}},"77":{"start":{"line":256,"column":12},"end":{"line":256,"column":29}},"78":{"start":{"line":281,"column":8},"end":{"line":331,"column":null}},"79":{"start":{"line":282,"column":67},"end":{"line":282,"column":75}},"80":{"start":{"line":284,"column":23},"end":{"line":286,"column":14}},"81":{"start":{"line":288,"column":12},"end":{"line":293,"column":null}},"82":{"start":{"line":289,"column":16},"end":{"line":292,"column":19}},"83":{"start":{"line":295,"column":27},"end":{"line":297,"column":null}},"84":{"start":{"line":300,"column":12},"end":{"line":305,"column":null}},"85":{"start":{"line":301,"column":16},"end":{"line":304,"column":19}},"86":{"start":{"line":307,"column":12},"end":{"line":312,"column":null}},"87":{"start":{"line":308,"column":16},"end":{"line":311,"column":19}},"88":{"start":{"line":314,"column":35},"end":{"line":314,"column":73}},"89":{"start":{"line":316,"column":12},"end":{"line":316,"column":58}},"90":{"start":{"line":318,"column":30},"end":{"line":321,"column":14}},"91":{"start":{"line":323,"column":12},"end":{"line":328,"column":14}},"92":{"start":{"line":330,"column":12},"end":{"line":330,"column":29}},"93":{"start":{"line":357,"column":8},"end":{"line":467,"column":null}},"94":{"start":{"line":364,"column":16},"end":{"line":364,"column":24}},"95":{"start":{"line":366,"column":12},"end":{"line":371,"column":null}},"96":{"start":{"line":367,"column":16},"end":{"line":370,"column":19}},"97":{"start":{"line":373,"column":12},"end":{"line":378,"column":null}},"98":{"start":{"line":374,"column":16},"end":{"line":377,"column":19}},"99":{"start":{"line":380,"column":12},"end":{"line":385,"column":null}},"100":{"start":{"line":381,"column":16},"end":{"line":384,"column":19}},"101":{"start":{"line":387,"column":12},"end":{"line":392,"column":null}},"102":{"start":{"line":388,"column":16},"end":{"line":391,"column":19}},"103":{"start":{"line":394,"column":23},"end":{"line":396,"column":14}},"104":{"start":{"line":398,"column":12},"end":{"line":403,"column":null}},"105":{"start":{"line":399,"column":16},"end":{"line":402,"column":19}},"106":{"start":{"line":405,"column":23},"end":{"line":410,"column":14}},"107":{"start":{"line":412,"column":12},"end":{"line":417,"column":null}},"108":{"start":{"line":413,"column":16},"end":{"line":416,"column":19}},"109":{"start":{"line":419,"column":12},"end":{"line":424,"column":15}},"110":{"start":{"line":426,"column":12},"end":{"line":431,"column":null}},"111":{"start":{"line":427,"column":16},"end":{"line":430,"column":19}},"112":{"start":{"line":433,"column":35},"end":{"line":433,"column":54}},"113":{"start":{"line":435,"column":12},"end":{"line":438,"column":null}},"114":{"start":{"line":437,"column":16},"end":{"line":437,"column":41}},"115":{"start":{"line":440,"column":12},"end":{"line":446,"column":15}},"116":{"start":{"line":448,"column":30},"end":{"line":453,"column":14}},"117":{"start":{"line":455,"column":12},"end":{"line":457,"column":null}},"118":{"start":{"line":456,"column":16},"end":{"line":456,"column":75}},"119":{"start":{"line":459,"column":12},"end":{"line":464,"column":14}},"120":{"start":{"line":466,"column":12},"end":{"line":466,"column":29}},"121":{"start":{"line":489,"column":8},"end":{"line":522,"column":null}},"122":{"start":{"line":490,"column":39},"end":{"line":490,"column":47}},"123":{"start":{"line":491,"column":23},"end":{"line":495,"column":14}},"124":{"start":{"line":497,"column":12},"end":{"line":502,"column":null}},"125":{"start":{"line":498,"column":16},"end":{"line":501,"column":19}},"126":{"start":{"line":504,"column":25},"end":{"line":504,"column":76}},"127":{"start":{"line":506,"column":12},"end":{"line":513,"column":null}},"128":{"start":{"line":507,"column":16},"end":{"line":512,"column":18}},"129":{"start":{"line":514,"column":12},"end":{"line":519,"column":14}},"130":{"start":{"line":521,"column":12},"end":{"line":521,"column":29}},"131":{"start":{"line":545,"column":8},"end":{"line":615,"column":null}},"132":{"start":{"line":546,"column":36},"end":{"line":546,"column":44}},"133":{"start":{"line":548,"column":29},"end":{"line":563,"column":14}},"134":{"start":{"line":565,"column":12},"end":{"line":570,"column":null}},"135":{"start":{"line":566,"column":16},"end":{"line":569,"column":19}},"136":{"start":{"line":572,"column":12},"end":{"line":578,"column":null}},"137":{"start":{"line":573,"column":16},"end":{"line":577,"column":19}},"138":{"start":{"line":580,"column":25},"end":{"line":582,"column":14}},"139":{"start":{"line":584,"column":12},"end":{"line":589,"column":null}},"140":{"start":{"line":585,"column":16},"end":{"line":588,"column":19}},"141":{"start":{"line":591,"column":12},"end":{"line":593,"column":15}},"142":{"start":{"line":595,"column":32},"end":{"line":600,"column":14}},"143":{"start":{"line":603,"column":12},"end":{"line":605,"column":15}},"144":{"start":{"line":607,"column":12},"end":{"line":612,"column":14}},"145":{"start":{"line":614,"column":12},"end":{"line":614,"column":29}},"146":{"start":{"line":638,"column":8},"end":{"line":750,"column":null}},"147":{"start":{"line":639,"column":48},"end":{"line":639,"column":56}},"148":{"start":{"line":640,"column":12},"end":{"line":645,"column":null}},"149":{"start":{"line":641,"column":16},"end":{"line":644,"column":19}},"150":{"start":{"line":647,"column":12},"end":{"line":652,"column":null}},"151":{"start":{"line":648,"column":16},"end":{"line":651,"column":19}},"152":{"start":{"line":654,"column":25},"end":{"line":658,"column":14}},"153":{"start":{"line":660,"column":12},"end":{"line":665,"column":null}},"154":{"start":{"line":661,"column":16},"end":{"line":664,"column":19}},"155":{"start":{"line":667,"column":12},"end":{"line":673,"column":null}},"156":{"start":{"line":668,"column":16},"end":{"line":672,"column":19}},"157":{"start":{"line":675,"column":27},"end":{"line":675,"column":46}},"158":{"start":{"line":676,"column":32},"end":{"line":676,"column":48}},"159":{"start":{"line":677,"column":32},"end":{"line":677,"column":48}},"160":{"start":{"line":678,"column":25},"end":{"line":678,"column":41}},"161":{"start":{"line":679,"column":24},"end":{"line":679,"column":34}},"162":{"start":{"line":680,"column":25},"end":{"line":680,"column":43}},"163":{"start":{"line":681,"column":27},"end":{"line":681,"column":60}},"164":{"start":{"line":683,"column":32},"end":{"line":685,"column":null}},"165":{"start":{"line":687,"column":31},"end":{"line":687,"column":58}},"166":{"start":{"line":688,"column":35},"end":{"line":688,"column":69}},"167":{"start":{"line":690,"column":32},"end":{"line":692,"column":14}},"168":{"start":{"line":694,"column":12},"end":{"line":696,"column":null}},"169":{"start":{"line":695,"column":16},"end":{"line":695,"column":71}},"170":{"start":{"line":695,"column":57},"end":{"line":695,"column":68}},"171":{"start":{"line":698,"column":41},"end":{"line":704,"column":14}},"172":{"start":{"line":706,"column":24},"end":{"line":706,"column":115}},"173":{"start":{"line":708,"column":25},"end":{"line":733,"column":14}},"174":{"start":{"line":735,"column":12},"end":{"line":740,"column":null}},"175":{"start":{"line":736,"column":16},"end":{"line":739,"column":19}},"176":{"start":{"line":742,"column":12},"end":{"line":747,"column":14}},"177":{"start":{"line":749,"column":12},"end":{"line":749,"column":29}},"178":{"start":{"line":775,"column":8},"end":{"line":863,"column":null}},"179":{"start":{"line":776,"column":59},"end":{"line":776,"column":67}},"180":{"start":{"line":778,"column":12},"end":{"line":783,"column":null}},"181":{"start":{"line":779,"column":16},"end":{"line":782,"column":19}},"182":{"start":{"line":785,"column":12},"end":{"line":790,"column":null}},"183":{"start":{"line":786,"column":16},"end":{"line":789,"column":19}},"184":{"start":{"line":792,"column":12},"end":{"line":797,"column":null}},"185":{"start":{"line":793,"column":16},"end":{"line":796,"column":19}},"186":{"start":{"line":799,"column":12},"end":{"line":804,"column":null}},"187":{"start":{"line":800,"column":16},"end":{"line":803,"column":19}},"188":{"start":{"line":806,"column":38},"end":{"line":811,"column":14}},"189":{"start":{"line":813,"column":12},"end":{"line":818,"column":null}},"190":{"start":{"line":814,"column":16},"end":{"line":817,"column":19}},"191":{"start":{"line":820,"column":12},"end":{"line":825,"column":null}},"192":{"start":{"line":821,"column":16},"end":{"line":824,"column":19}},"193":{"start":{"line":827,"column":27},"end":{"line":829,"column":null}},"194":{"start":{"line":832,"column":12},"end":{"line":838,"column":null}},"195":{"start":{"line":833,"column":16},"end":{"line":837,"column":19}},"196":{"start":{"line":840,"column":38},"end":{"line":840,"column":72}},"197":{"start":{"line":842,"column":25},"end":{"line":844,"column":14}},"198":{"start":{"line":846,"column":32},"end":{"line":848,"column":14}},"199":{"start":{"line":851,"column":12},"end":{"line":853,"column":15}},"200":{"start":{"line":855,"column":12},"end":{"line":860,"column":14}},"201":{"start":{"line":862,"column":12},"end":{"line":862,"column":29}},"202":{"start":{"line":885,"column":8},"end":{"line":968,"column":null}},"203":{"start":{"line":886,"column":33},"end":{"line":886,"column":41}},"204":{"start":{"line":888,"column":23},"end":{"line":899,"column":14}},"205":{"start":{"line":901,"column":35},"end":{"line":903,"column":null}},"206":{"start":{"line":906,"column":12},"end":{"line":911,"column":null}},"207":{"start":{"line":907,"column":16},"end":{"line":910,"column":19}},"208":{"start":{"line":913,"column":12},"end":{"line":915,"column":null}},"209":{"start":{"line":914,"column":16},"end":{"line":914,"column":74}},"210":{"start":{"line":914,"column":60},"end":{"line":914,"column":71}},"211":{"start":{"line":917,"column":12},"end":{"line":921,"column":null}},"212":{"start":{"line":918,"column":16},"end":{"line":920,"column":18}},"213":{"start":{"line":919,"column":53},"end":{"line":919,"column":64}},"214":{"start":{"line":923,"column":12},"end":{"line":925,"column":null}},"215":{"start":{"line":924,"column":16},"end":{"line":924,"column":73}},"216":{"start":{"line":924,"column":59},"end":{"line":924,"column":70}},"217":{"start":{"line":927,"column":12},"end":{"line":929,"column":null}},"218":{"start":{"line":928,"column":16},"end":{"line":928,"column":71}},"219":{"start":{"line":928,"column":57},"end":{"line":928,"column":68}},"220":{"start":{"line":931,"column":12},"end":{"line":933,"column":null}},"221":{"start":{"line":932,"column":16},"end":{"line":932,"column":73}},"222":{"start":{"line":932,"column":59},"end":{"line":932,"column":70}},"223":{"start":{"line":935,"column":12},"end":{"line":952,"column":null}},"224":{"start":{"line":936,"column":40},"end":{"line":936,"column":42}},"225":{"start":{"line":937,"column":16},"end":{"line":942,"column":18}},"226":{"start":{"line":939,"column":24},"end":{"line":939,"column":43}},"227":{"start":{"line":940,"column":24},"end":{"line":940,"column":43}},"228":{"start":{"line":944,"column":16},"end":{"line":951,"column":null}},"229":{"start":{"line":945,"column":20},"end":{"line":950,"column":23}},"230":{"start":{"line":946,"column":24},"end":{"line":949,"column":null}},"231":{"start":{"line":948,"column":28},"end":{"line":948,"column":45}},"232":{"start":{"line":954,"column":12},"end":{"line":956,"column":null}},"233":{"start":{"line":955,"column":16},"end":{"line":955,"column":68}},"234":{"start":{"line":955,"column":54},"end":{"line":955,"column":65}},"235":{"start":{"line":958,"column":12},"end":{"line":958,"column":31}},"236":{"start":{"line":960,"column":12},"end":{"line":965,"column":14}},"237":{"start":{"line":967,"column":12},"end":{"line":967,"column":29}},"238":{"start":{"line":982,"column":39},"end":{"line":982,"column":43}},"239":{"start":{"line":983,"column":28},"end":{"line":983,"column":47}},"240":{"start":{"line":984,"column":28},"end":{"line":984,"column":44}},"241":{"start":{"line":985,"column":21},"end":{"line":985,"column":37}},"242":{"start":{"line":986,"column":27},"end":{"line":986,"column":54}},"243":{"start":{"line":987,"column":28},"end":{"line":987,"column":56}},"244":{"start":{"line":989,"column":20},"end":{"line":989,"column":30}},"245":{"start":{"line":990,"column":21},"end":{"line":990,"column":39}},"246":{"start":{"line":991,"column":23},"end":{"line":991,"column":56}},"247":{"start":{"line":993,"column":20},"end":{"line":993,"column":74}},"248":{"start":{"line":995,"column":28},"end":{"line":997,"column":10}},"249":{"start":{"line":999,"column":8},"end":{"line":1002,"column":null}},"250":{"start":{"line":1001,"column":12},"end":{"line":1001,"column":67}},"251":{"start":{"line":1001,"column":53},"end":{"line":1001,"column":64}},"252":{"start":{"line":1004,"column":30},"end":{"line":1009,"column":10}},"253":{"start":{"line":1011,"column":8},"end":{"line":1013,"column":null}},"254":{"start":{"line":1012,"column":12},"end":{"line":1012,"column":61}},"255":{"start":{"line":1015,"column":21},"end":{"line":1039,"column":10}},"256":{"start":{"line":1041,"column":8},"end":{"line":1041,"column":20}},"257":{"start":{"line":27,"column":0},"end":{"line":27,"column":13}}},"fnMap":{"0":{"name":"(anonymous_1)","decl":{"start":{"line":28,"column":11},"end":{"line":28,"column":18}},"loc":{"start":{"line":28,"column":18},"end":{"line":30,"column":5}}},"1":{"name":"(anonymous_2)","decl":{"start":{"line":32,"column":14},"end":{"line":32,"column":30}},"loc":{"start":{"line":32,"column":30},"end":{"line":58,"column":5}}},"2":{"name":"(anonymous_3)","decl":{"start":{"line":75,"column":12},"end":{"line":75,"column":18}},"loc":{"start":{"line":75,"column":66},"end":{"line":127,"column":5}}},"3":{"name":"(anonymous_4)","decl":{"start":{"line":76,"column":39},"end":{"line":76,"column":40}},"loc":{"start":{"line":76,"column":59},"end":{"line":126,"column":9}}},"4":{"name":"(anonymous_5)","decl":{"start":{"line":87,"column":55},"end":{"line":87,"column":60}},"loc":{"start":{"line":87,"column":74},"end":{"line":125,"column":13}}},"5":{"name":"(anonymous_6)","decl":{"start":{"line":138,"column":12},"end":{"line":138,"column":19}},"loc":{"start":{"line":141,"column":34},"end":{"line":164,"column":5}}},"6":{"name":"(anonymous_7)","decl":{"start":{"line":148,"column":36},"end":{"line":148,"column":37}},"loc":{"start":{"line":148,"column":44},"end":{"line":150,"column":17}}},"7":{"name":"(anonymous_8)","decl":{"start":{"line":184,"column":12},"end":{"line":184,"column":17}},"loc":{"start":{"line":187,"column":26},"end":{"line":258,"column":5}}},"8":{"name":"(anonymous_9)","decl":{"start":{"line":276,"column":12},"end":{"line":276,"column":17}},"loc":{"start":{"line":279,"column":26},"end":{"line":332,"column":5}}},"9":{"name":"(anonymous_10)","decl":{"start":{"line":352,"column":12},"end":{"line":352,"column":17}},"loc":{"start":{"line":355,"column":26},"end":{"line":468,"column":5}}},"10":{"name":"(anonymous_11)","decl":{"start":{"line":484,"column":12},"end":{"line":484,"column":17}},"loc":{"start":{"line":487,"column":26},"end":{"line":523,"column":5}}},"11":{"name":"(anonymous_12)","decl":{"start":{"line":540,"column":12},"end":{"line":540,"column":17}},"loc":{"start":{"line":543,"column":26},"end":{"line":616,"column":5}}},"12":{"name":"(anonymous_13)","decl":{"start":{"line":633,"column":12},"end":{"line":633,"column":17}},"loc":{"start":{"line":636,"column":26},"end":{"line":751,"column":5}}},"13":{"name":"(anonymous_14)","decl":{"start":{"line":695,"column":50},"end":{"line":695,"column":51}},"loc":{"start":{"line":695,"column":57},"end":{"line":695,"column":68}}},"14":{"name":"(anonymous_15)","decl":{"start":{"line":770,"column":12},"end":{"line":770,"column":17}},"loc":{"start":{"line":773,"column":26},"end":{"line":864,"column":5}}},"15":{"name":"(anonymous_16)","decl":{"start":{"line":880,"column":12},"end":{"line":880,"column":17}},"loc":{"start":{"line":883,"column":26},"end":{"line":969,"column":5}}},"16":{"name":"(anonymous_17)","decl":{"start":{"line":914,"column":53},"end":{"line":914,"column":54}},"loc":{"start":{"line":914,"column":60},"end":{"line":914,"column":71}}},"17":{"name":"(anonymous_18)","decl":{"start":{"line":919,"column":46},"end":{"line":919,"column":47}},"loc":{"start":{"line":919,"column":53},"end":{"line":919,"column":64}}},"18":{"name":"(anonymous_19)","decl":{"start":{"line":924,"column":52},"end":{"line":924,"column":53}},"loc":{"start":{"line":924,"column":59},"end":{"line":924,"column":70}}},"19":{"name":"(anonymous_20)","decl":{"start":{"line":928,"column":50},"end":{"line":928,"column":51}},"loc":{"start":{"line":928,"column":57},"end":{"line":928,"column":68}}},"20":{"name":"(anonymous_21)","decl":{"start":{"line":932,"column":52},"end":{"line":932,"column":53}},"loc":{"start":{"line":932,"column":59},"end":{"line":932,"column":70}}},"21":{"name":"(anonymous_22)","decl":{"start":{"line":938,"column":34},"end":{"line":938,"column":35}},"loc":{"start":{"line":938,"column":40},"end":{"line":941,"column":21}}},"22":{"name":"(anonymous_23)","decl":{"start":{"line":945,"column":34},"end":{"line":945,"column":35}},"loc":{"start":{"line":945,"column":40},"end":{"line":950,"column":21}}},"23":{"name":"(anonymous_24)","decl":{"start":{"line":955,"column":47},"end":{"line":955,"column":48}},"loc":{"start":{"line":955,"column":54},"end":{"line":955,"column":65}}},"24":{"name":"(anonymous_25)","decl":{"start":{"line":977,"column":12},"end":{"line":977,"column":17}},"loc":{"start":{"line":980,"column":25},"end":{"line":1042,"column":5}}},"25":{"name":"(anonymous_26)","decl":{"start":{"line":1001,"column":46},"end":{"line":1001,"column":47}},"loc":{"start":{"line":1001,"column":53},"end":{"line":1001,"column":64}}}},"branchMap":{"0":{"loc":{"start":{"line":77,"column":12},"end":{"line":80,"column":null}},"type":"if","locations":[{"start":{"line":77,"column":12},"end":{"line":80,"column":null}},{"start":{"line":77,"column":12},"end":{"line":80,"column":null}}]},"1":{"loc":{"start":{"line":82,"column":12},"end":{"line":84,"column":null}},"type":"if","locations":[{"start":{"line":82,"column":12},"end":{"line":84,"column":null}},{"start":{"line":82,"column":12},"end":{"line":84,"column":null}}]},"2":{"loc":{"start":{"line":88,"column":16},"end":{"line":90,"column":null}},"type":"if","locations":[{"start":{"line":88,"column":16},"end":{"line":90,"column":null}},{"start":{"line":88,"column":16},"end":{"line":90,"column":null}}]},"3":{"loc":{"start":{"line":147,"column":12},"end":{"line":151,"column":null}},"type":"if","locations":[{"start":{"line":147,"column":12},"end":{"line":151,"column":null}},{"start":{"line":147,"column":12},"end":{"line":151,"column":null}}]},"4":{"loc":{"start":{"line":215,"column":12},"end":{"line":220,"column":null}},"type":"if","locations":[{"start":{"line":215,"column":12},"end":{"line":220,"column":null}},{"start":{"line":215,"column":12},"end":{"line":220,"column":null}}]},"5":{"loc":{"start":{"line":226,"column":12},"end":{"line":231,"column":null}},"type":"if","locations":[{"start":{"line":226,"column":12},"end":{"line":231,"column":null}},{"start":{"line":226,"column":12},"end":{"line":231,"column":null}}]},"6":{"loc":{"start":{"line":288,"column":12},"end":{"line":293,"column":null}},"type":"if","locations":[{"start":{"line":288,"column":12},"end":{"line":293,"column":null}},{"start":{"line":288,"column":12},"end":{"line":293,"column":null}}]},"7":{"loc":{"start":{"line":300,"column":12},"end":{"line":305,"column":null}},"type":"if","locations":[{"start":{"line":300,"column":12},"end":{"line":305,"column":null}},{"start":{"line":300,"column":12},"end":{"line":305,"column":null}}]},"8":{"loc":{"start":{"line":307,"column":12},"end":{"line":312,"column":null}},"type":"if","locations":[{"start":{"line":307,"column":12},"end":{"line":312,"column":null}},{"start":{"line":307,"column":12},"end":{"line":312,"column":null}}]},"9":{"loc":{"start":{"line":366,"column":12},"end":{"line":371,"column":null}},"type":"if","locations":[{"start":{"line":366,"column":12},"end":{"line":371,"column":null}},{"start":{"line":366,"column":12},"end":{"line":371,"column":null}}]},"10":{"loc":{"start":{"line":366,"column":16},"end":{"line":366,"column":22}},"type":"binary-expr","locations":[{"start":{"line":366,"column":16},"end":{"line":366,"column":22}},{"start":{"line":366,"column":26},"end":{"line":366,"column":51}}]},"11":{"loc":{"start":{"line":373,"column":12},"end":{"line":378,"column":null}},"type":"if","locations":[{"start":{"line":373,"column":12},"end":{"line":378,"column":null}},{"start":{"line":373,"column":12},"end":{"line":378,"column":null}}]},"12":{"loc":{"start":{"line":373,"column":16},"end":{"line":373,"column":25}},"type":"binary-expr","locations":[{"start":{"line":373,"column":16},"end":{"line":373,"column":25}},{"start":{"line":373,"column":29},"end":{"line":373,"column":57}}]},"13":{"loc":{"start":{"line":380,"column":12},"end":{"line":385,"column":null}},"type":"if","locations":[{"start":{"line":380,"column":12},"end":{"line":385,"column":null}},{"start":{"line":380,"column":12},"end":{"line":385,"column":null}}]},"14":{"loc":{"start":{"line":380,"column":16},"end":{"line":380,"column":28}},"type":"binary-expr","locations":[{"start":{"line":380,"column":16},"end":{"line":380,"column":28}},{"start":{"line":380,"column":32},"end":{"line":380,"column":63}}]},"15":{"loc":{"start":{"line":387,"column":12},"end":{"line":392,"column":null}},"type":"if","locations":[{"start":{"line":387,"column":12},"end":{"line":392,"column":null}},{"start":{"line":387,"column":12},"end":{"line":392,"column":null}}]},"16":{"loc":{"start":{"line":387,"column":16},"end":{"line":387,"column":31}},"type":"binary-expr","locations":[{"start":{"line":387,"column":16},"end":{"line":387,"column":31}},{"start":{"line":387,"column":35},"end":{"line":387,"column":69}}]},"17":{"loc":{"start":{"line":398,"column":12},"end":{"line":403,"column":null}},"type":"if","locations":[{"start":{"line":398,"column":12},"end":{"line":403,"column":null}},{"start":{"line":398,"column":12},"end":{"line":403,"column":null}}]},"18":{"loc":{"start":{"line":412,"column":12},"end":{"line":417,"column":null}},"type":"if","locations":[{"start":{"line":412,"column":12},"end":{"line":417,"column":null}},{"start":{"line":412,"column":12},"end":{"line":417,"column":null}}]},"19":{"loc":{"start":{"line":426,"column":12},"end":{"line":431,"column":null}},"type":"if","locations":[{"start":{"line":426,"column":12},"end":{"line":431,"column":null}},{"start":{"line":426,"column":12},"end":{"line":431,"column":null}}]},"20":{"loc":{"start":{"line":435,"column":12},"end":{"line":438,"column":null}},"type":"if","locations":[{"start":{"line":435,"column":12},"end":{"line":438,"column":null}},{"start":{"line":435,"column":12},"end":{"line":438,"column":null}}]},"21":{"loc":{"start":{"line":455,"column":12},"end":{"line":457,"column":null}},"type":"if","locations":[{"start":{"line":455,"column":12},"end":{"line":457,"column":null}},{"start":{"line":455,"column":12},"end":{"line":457,"column":null}}]},"22":{"loc":{"start":{"line":497,"column":12},"end":{"line":502,"column":null}},"type":"if","locations":[{"start":{"line":497,"column":12},"end":{"line":502,"column":null}},{"start":{"line":497,"column":12},"end":{"line":502,"column":null}}]},"23":{"loc":{"start":{"line":506,"column":12},"end":{"line":513,"column":null}},"type":"if","locations":[{"start":{"line":506,"column":12},"end":{"line":513,"column":null}},{"start":{"line":506,"column":12},"end":{"line":513,"column":null}}]},"24":{"loc":{"start":{"line":565,"column":12},"end":{"line":570,"column":null}},"type":"if","locations":[{"start":{"line":565,"column":12},"end":{"line":570,"column":null}},{"start":{"line":565,"column":12},"end":{"line":570,"column":null}}]},"25":{"loc":{"start":{"line":572,"column":12},"end":{"line":578,"column":null}},"type":"if","locations":[{"start":{"line":572,"column":12},"end":{"line":578,"column":null}},{"start":{"line":572,"column":12},"end":{"line":578,"column":null}}]},"26":{"loc":{"start":{"line":584,"column":12},"end":{"line":589,"column":null}},"type":"if","locations":[{"start":{"line":584,"column":12},"end":{"line":589,"column":null}},{"start":{"line":584,"column":12},"end":{"line":589,"column":null}}]},"27":{"loc":{"start":{"line":640,"column":12},"end":{"line":645,"column":null}},"type":"if","locations":[{"start":{"line":640,"column":12},"end":{"line":645,"column":null}},{"start":{"line":640,"column":12},"end":{"line":645,"column":null}}]},"28":{"loc":{"start":{"line":640,"column":16},"end":{"line":640,"column":22}},"type":"binary-expr","locations":[{"start":{"line":640,"column":16},"end":{"line":640,"column":22}},{"start":{"line":640,"column":26},"end":{"line":640,"column":51}}]},"29":{"loc":{"start":{"line":647,"column":12},"end":{"line":652,"column":null}},"type":"if","locations":[{"start":{"line":647,"column":12},"end":{"line":652,"column":null}},{"start":{"line":647,"column":12},"end":{"line":652,"column":null}}]},"30":{"loc":{"start":{"line":647,"column":16},"end":{"line":647,"column":33}},"type":"binary-expr","locations":[{"start":{"line":647,"column":16},"end":{"line":647,"column":33}},{"start":{"line":647,"column":37},"end":{"line":647,"column":73}}]},"31":{"loc":{"start":{"line":660,"column":12},"end":{"line":665,"column":null}},"type":"if","locations":[{"start":{"line":660,"column":12},"end":{"line":665,"column":null}},{"start":{"line":660,"column":12},"end":{"line":665,"column":null}}]},"32":{"loc":{"start":{"line":667,"column":12},"end":{"line":673,"column":null}},"type":"if","locations":[{"start":{"line":667,"column":12},"end":{"line":673,"column":null}},{"start":{"line":667,"column":12},"end":{"line":673,"column":null}}]},"33":{"loc":{"start":{"line":694,"column":12},"end":{"line":696,"column":null}},"type":"if","locations":[{"start":{"line":694,"column":12},"end":{"line":696,"column":null}},{"start":{"line":694,"column":12},"end":{"line":696,"column":null}}]},"34":{"loc":{"start":{"line":694,"column":16},"end":{"line":694,"column":29}},"type":"binary-expr","locations":[{"start":{"line":694,"column":16},"end":{"line":694,"column":29}},{"start":{"line":694,"column":33},"end":{"line":694,"column":55}}]},"35":{"loc":{"start":{"line":735,"column":12},"end":{"line":740,"column":null}},"type":"if","locations":[{"start":{"line":735,"column":12},"end":{"line":740,"column":null}},{"start":{"line":735,"column":12},"end":{"line":740,"column":null}}]},"36":{"loc":{"start":{"line":778,"column":12},"end":{"line":783,"column":null}},"type":"if","locations":[{"start":{"line":778,"column":12},"end":{"line":783,"column":null}},{"start":{"line":778,"column":12},"end":{"line":783,"column":null}}]},"37":{"loc":{"start":{"line":778,"column":16},"end":{"line":778,"column":22}},"type":"binary-expr","locations":[{"start":{"line":778,"column":16},"end":{"line":778,"column":22}},{"start":{"line":778,"column":26},"end":{"line":778,"column":51}}]},"38":{"loc":{"start":{"line":785,"column":12},"end":{"line":790,"column":null}},"type":"if","locations":[{"start":{"line":785,"column":12},"end":{"line":790,"column":null}},{"start":{"line":785,"column":12},"end":{"line":790,"column":null}}]},"39":{"loc":{"start":{"line":785,"column":16},"end":{"line":785,"column":21}},"type":"binary-expr","locations":[{"start":{"line":785,"column":16},"end":{"line":785,"column":21}},{"start":{"line":785,"column":25},"end":{"line":785,"column":49}}]},"40":{"loc":{"start":{"line":792,"column":12},"end":{"line":797,"column":null}},"type":"if","locations":[{"start":{"line":792,"column":12},"end":{"line":797,"column":null}},{"start":{"line":792,"column":12},"end":{"line":797,"column":null}}]},"41":{"loc":{"start":{"line":792,"column":16},"end":{"line":792,"column":25}},"type":"binary-expr","locations":[{"start":{"line":792,"column":16},"end":{"line":792,"column":25}},{"start":{"line":792,"column":29},"end":{"line":792,"column":57}}]},"42":{"loc":{"start":{"line":799,"column":12},"end":{"line":804,"column":null}},"type":"if","locations":[{"start":{"line":799,"column":12},"end":{"line":804,"column":null}},{"start":{"line":799,"column":12},"end":{"line":804,"column":null}}]},"43":{"loc":{"start":{"line":799,"column":16},"end":{"line":799,"column":28}},"type":"binary-expr","locations":[{"start":{"line":799,"column":16},"end":{"line":799,"column":28}},{"start":{"line":799,"column":32},"end":{"line":799,"column":63}}]},"44":{"loc":{"start":{"line":813,"column":12},"end":{"line":818,"column":null}},"type":"if","locations":[{"start":{"line":813,"column":12},"end":{"line":818,"column":null}},{"start":{"line":813,"column":12},"end":{"line":818,"column":null}}]},"45":{"loc":{"start":{"line":820,"column":12},"end":{"line":825,"column":null}},"type":"if","locations":[{"start":{"line":820,"column":12},"end":{"line":825,"column":null}},{"start":{"line":820,"column":12},"end":{"line":825,"column":null}}]},"46":{"loc":{"start":{"line":832,"column":12},"end":{"line":838,"column":null}},"type":"if","locations":[{"start":{"line":832,"column":12},"end":{"line":838,"column":null}},{"start":{"line":832,"column":12},"end":{"line":838,"column":null}}]},"47":{"loc":{"start":{"line":906,"column":12},"end":{"line":911,"column":null}},"type":"if","locations":[{"start":{"line":906,"column":12},"end":{"line":911,"column":null}},{"start":{"line":906,"column":12},"end":{"line":911,"column":null}}]},"48":{"loc":{"start":{"line":913,"column":12},"end":{"line":915,"column":null}},"type":"if","locations":[{"start":{"line":913,"column":12},"end":{"line":915,"column":null}},{"start":{"line":913,"column":12},"end":{"line":915,"column":null}}]},"49":{"loc":{"start":{"line":913,"column":16},"end":{"line":913,"column":30}},"type":"binary-expr","locations":[{"start":{"line":913,"column":16},"end":{"line":913,"column":30}},{"start":{"line":913,"column":34},"end":{"line":913,"column":59}}]},"50":{"loc":{"start":{"line":917,"column":12},"end":{"line":921,"column":null}},"type":"if","locations":[{"start":{"line":917,"column":12},"end":{"line":921,"column":null}},{"start":{"line":917,"column":12},"end":{"line":921,"column":null}}]},"51":{"loc":{"start":{"line":917,"column":16},"end":{"line":917,"column":37}},"type":"binary-expr","locations":[{"start":{"line":917,"column":16},"end":{"line":917,"column":37}},{"start":{"line":917,"column":41},"end":{"line":917,"column":73}}]},"52":{"loc":{"start":{"line":923,"column":12},"end":{"line":925,"column":null}},"type":"if","locations":[{"start":{"line":923,"column":12},"end":{"line":925,"column":null}},{"start":{"line":923,"column":12},"end":{"line":925,"column":null}}]},"53":{"loc":{"start":{"line":923,"column":16},"end":{"line":923,"column":29}},"type":"binary-expr","locations":[{"start":{"line":923,"column":16},"end":{"line":923,"column":29}},{"start":{"line":923,"column":33},"end":{"line":923,"column":57}}]},"54":{"loc":{"start":{"line":927,"column":12},"end":{"line":929,"column":null}},"type":"if","locations":[{"start":{"line":927,"column":12},"end":{"line":929,"column":null}},{"start":{"line":927,"column":12},"end":{"line":929,"column":null}}]},"55":{"loc":{"start":{"line":927,"column":16},"end":{"line":927,"column":27}},"type":"binary-expr","locations":[{"start":{"line":927,"column":16},"end":{"line":927,"column":27}},{"start":{"line":927,"column":31},"end":{"line":927,"column":53}}]},"56":{"loc":{"start":{"line":931,"column":12},"end":{"line":933,"column":null}},"type":"if","locations":[{"start":{"line":931,"column":12},"end":{"line":933,"column":null}},{"start":{"line":931,"column":12},"end":{"line":933,"column":null}}]},"57":{"loc":{"start":{"line":931,"column":16},"end":{"line":931,"column":29}},"type":"binary-expr","locations":[{"start":{"line":931,"column":16},"end":{"line":931,"column":29}},{"start":{"line":931,"column":33},"end":{"line":931,"column":57}}]},"58":{"loc":{"start":{"line":935,"column":12},"end":{"line":952,"column":null}},"type":"if","locations":[{"start":{"line":935,"column":12},"end":{"line":952,"column":null}},{"start":{"line":935,"column":12},"end":{"line":952,"column":null}}]},"59":{"loc":{"start":{"line":935,"column":16},"end":{"line":935,"column":25}},"type":"binary-expr","locations":[{"start":{"line":935,"column":16},"end":{"line":935,"column":25}},{"start":{"line":935,"column":29},"end":{"line":935,"column":49}}]},"60":{"loc":{"start":{"line":944,"column":16},"end":{"line":951,"column":null}},"type":"if","locations":[{"start":{"line":944,"column":16},"end":{"line":951,"column":null}},{"start":{"line":944,"column":16},"end":{"line":951,"column":null}}]},"61":{"loc":{"start":{"line":944,"column":20},"end":{"line":944,"column":25}},"type":"binary-expr","locations":[{"start":{"line":944,"column":20},"end":{"line":944,"column":25}},{"start":{"line":944,"column":29},"end":{"line":944,"column":45}}]},"62":{"loc":{"start":{"line":946,"column":24},"end":{"line":949,"column":null}},"type":"if","locations":[{"start":{"line":946,"column":24},"end":{"line":949,"column":null}},{"start":{"line":946,"column":24},"end":{"line":949,"column":null}}]},"63":{"loc":{"start":{"line":954,"column":12},"end":{"line":956,"column":null}},"type":"if","locations":[{"start":{"line":954,"column":12},"end":{"line":956,"column":null}},{"start":{"line":954,"column":12},"end":{"line":956,"column":null}}]},"64":{"loc":{"start":{"line":954,"column":16},"end":{"line":954,"column":24}},"type":"binary-expr","locations":[{"start":{"line":954,"column":16},"end":{"line":954,"column":24}},{"start":{"line":954,"column":28},"end":{"line":954,"column":47}}]},"65":{"loc":{"start":{"line":999,"column":8},"end":{"line":1002,"column":null}},"type":"if","locations":[{"start":{"line":999,"column":8},"end":{"line":1002,"column":null}},{"start":{"line":999,"column":8},"end":{"line":1002,"column":null}}]},"66":{"loc":{"start":{"line":999,"column":12},"end":{"line":999,"column":25}},"type":"binary-expr","locations":[{"start":{"line":999,"column":12},"end":{"line":999,"column":25}},{"start":{"line":999,"column":29},"end":{"line":999,"column":51}}]},"67":{"loc":{"start":{"line":1011,"column":8},"end":{"line":1013,"column":null}},"type":"if","locations":[{"start":{"line":1011,"column":8},"end":{"line":1013,"column":null}},{"start":{"line":1011,"column":8},"end":{"line":1013,"column":null}}]}},"s":{"0":1,"1":1,"2":1,"3":1,"4":1,"5":1,"6":1,"7":1,"8":1,"9":1,"10":1,"11":1,"12":1,"13":1,"14":1,"15":1,"16":1,"17":1,"18":1,"19":1,"20":1,"21":1,"22":1,"23":1,"24":1,"25":1,"26":1,"27":1,"28":1,"29":1,"30":1,"31":1,"32":1,"33":1,"34":1,"35":0,"36":0,"37":0,"38":0,"39":0,"40":0,"41":0,"42":0,"43":0,"44":0,"45":0,"46":0,"47":0,"48":0,"49":0,"50":0,"51":0,"52":0,"53":0,"54":0,"55":0,"56":0,"57":0,"58":0,"59":8,"60":8,"61":8,"62":7,"63":6,"64":5,"65":4,"66":3,"67":3,"68":2,"69":1,"70":1,"71":0,"72":1,"73":1,"74":1,"75":1,"76":1,"77":7,"78":0,"79":0,"80":0,"81":0,"82":0,"83":0,"84":0,"85":0,"86":0,"87":0,"88":0,"89":0,"90":0,"91":0,"92":0,"93":0,"94":0,"95":0,"96":0,"97":0,"98":0,"99":0,"100":0,"101":0,"102":0,"103":0,"104":0,"105":0,"106":0,"107":0,"108":0,"109":0,"110":0,"111":0,"112":0,"113":0,"114":0,"115":0,"116":0,"117":0,"118":0,"119":0,"120":0,"121":0,"122":0,"123":0,"124":0,"125":0,"126":0,"127":0,"128":0,"129":0,"130":0,"131":0,"132":0,"133":0,"134":0,"135":0,"136":0,"137":0,"138":0,"139":0,"140":0,"141":0,"142":0,"143":0,"144":0,"145":0,"146":0,"147":0,"148":0,"149":0,"150":0,"151":0,"152":0,"153":0,"154":0,"155":0,"156":0,"157":0,"158":0,"159":0,"160":0,"161":0,"162":0,"163":0,"164":0,"165":0,"166":0,"167":0,"168":0,"169":0,"170":0,"171":0,"172":0,"173":0,"174":0,"175":0,"176":0,"177":0,"178":0,"179":0,"180":0,"181":0,"182":0,"183":0,"184":0,"185":0,"186":0,"187":0,"188":0,"189":0,"190":0,"191":0,"192":0,"193":0,"194":0,"195":0,"196":0,"197":0,"198":0,"199":0,"200":0,"201":0,"202":0,"203":0,"204":0,"205":0,"206":0,"207":0,"208":0,"209":0,"210":0,"211":0,"212":0,"213":0,"214":0,"215":0,"216":0,"217":0,"218":0,"219":0,"220":0,"221":0,"222":0,"223":0,"224":0,"225":0,"226":0,"227":0,"228":0,"229":0,"230":0,"231":0,"232":0,"233":0,"234":0,"235":0,"236":0,"237":0,"238":1,"239":1,"240":1,"241":1,"242":1,"243":1,"244":1,"245":1,"246":1,"247":1,"248":1,"249":1,"250":0,"251":0,"252":1,"253":1,"254":0,"255":1,"256":1,"257":1},"f":{"0":1,"1":1,"2":0,"3":0,"4":0,"5":0,"6":0,"7":8,"8":0,"9":0,"10":0,"11":0,"12":0,"13":0,"14":0,"15":0,"16":0,"17":0,"18":0,"19":0,"20":0,"21":0,"22":0,"23":0,"24":1,"25":0},"b":{"0":[0,0],"1":[0,0],"2":[0,0],"3":[0,0],"4":[2,1],"5":[0,1],"6":[0,0],"7":[0,0],"8":[0,0],"9":[0,0],"10":[0,0],"11":[0,0],"12":[0,0],"13":[0,0],"14":[0,0],"15":[0,0],"16":[0,0],"17":[0,0],"18":[0,0],"19":[0,0],"20":[0,0],"21":[0,0],"22":[0,0],"23":[0,0],"24":[0,0],"25":[0,0],"26":[0,0],"27":[0,0],"28":[0,0],"29":[0,0],"30":[0,0],"31":[0,0],"32":[0,0],"33":[0,0],"34":[0,0],"35":[0,0],"36":[0,0],"37":[0,0],"38":[0,0],"39":[0,0],"40":[0,0],"41":[0,0],"42":[0,0],"43":[0,0],"44":[0,0],"45":[0,0],"46":[0,0],"47":[0,0],"48":[0,0],"49":[0,0],"50":[0,0],"51":[0,0],"52":[0,0],"53":[0,0],"54":[0,0],"55":[0,0],"56":[0,0],"57":[0,0],"58":[0,0],"59":[0,0],"60":[0,0],"61":[0,0],"62":[0,0],"63":[0,0],"64":[0,0],"65":[0,1],"66":[1,1],"67":[0,1]}}
,"D:\\repos\\blog-node-backend\\src\\controllers\\Me.controller.ts": {"path":"D:\\repos\\blog-node-backend\\src\\controllers\\Me.controller.ts","statementMap":{"0":{"start":{"line":2,"column":0},"end":{"line":2,"column":24}},"1":{"start":{"line":3,"column":0},"end":{"line":3,"column":20}},"2":{"start":{"line":4,"column":0},"end":{"line":4,"column":59}},"3":{"start":{"line":5,"column":0},"end":{"line":5,"column":44}},"4":{"start":{"line":6,"column":0},"end":{"line":6,"column":44}},"5":{"start":{"line":7,"column":0},"end":{"line":7,"column":50}},"6":{"start":{"line":8,"column":0},"end":{"line":8,"column":73}},"7":{"start":{"line":9,"column":0},"end":{"line":9,"column":61}},"8":{"start":{"line":10,"column":0},"end":{"line":10,"column":51}},"9":{"start":{"line":11,"column":0},"end":{"line":11,"column":56}},"10":{"start":{"line":13,"column":0},"end":{"line":13,"column":34}},"11":{"start":{"line":14,"column":0},"end":{"line":14,"column":52}},"12":{"start":{"line":15,"column":0},"end":{"line":15,"column":46}},"13":{"start":{"line":16,"column":0},"end":{"line":16,"column":42}},"14":{"start":{"line":17,"column":0},"end":{"line":17,"column":62}},"15":{"start":{"line":19,"column":0},"end":{"line":19,"column":58}},"16":{"start":{"line":20,"column":0},"end":{"line":20,"column":63}},"17":{"start":{"line":21,"column":0},"end":{"line":21,"column":57}},"18":{"start":{"line":23,"column":0},"end":{"line":23,"column":49}},"19":{"start":{"line":24,"column":0},"end":{"line":24,"column":75}},"20":{"start":{"line":28,"column":8},"end":{"line":28,"column":25}},"21":{"start":{"line":31,"column":8},"end":{"line":31,"column":69}},"22":{"start":{"line":33,"column":8},"end":{"line":33,"column":73}},"23":{"start":{"line":34,"column":8},"end":{"line":34,"column":75}},"24":{"start":{"line":35,"column":8},"end":{"line":35,"column":72}},"25":{"start":{"line":36,"column":8},"end":{"line":36,"column":80}},"26":{"start":{"line":37,"column":8},"end":{"line":41,"column":10}},"27":{"start":{"line":43,"column":8},"end":{"line":43,"column":73}},"28":{"start":{"line":44,"column":8},"end":{"line":44,"column":73}},"29":{"start":{"line":46,"column":8},"end":{"line":51,"column":10}},"30":{"start":{"line":53,"column":8},"end":{"line":58,"column":10}},"31":{"start":{"line":60,"column":8},"end":{"line":60,"column":79}},"32":{"start":{"line":61,"column":8},"end":{"line":61,"column":79}},"33":{"start":{"line":63,"column":8},"end":{"line":68,"column":78}},"34":{"start":{"line":70,"column":8},"end":{"line":70,"column":78}},"35":{"start":{"line":87,"column":8},"end":{"line":125,"column":null}},"36":{"start":{"line":88,"column":27},"end":{"line":88,"column":35}},"37":{"start":{"line":90,"column":12},"end":{"line":95,"column":null}},"38":{"start":{"line":91,"column":16},"end":{"line":94,"column":19}},"39":{"start":{"line":97,"column":23},"end":{"line":108,"column":14}},"40":{"start":{"line":110,"column":12},"end":{"line":115,"column":null}},"41":{"start":{"line":111,"column":16},"end":{"line":114,"column":19}},"42":{"start":{"line":117,"column":12},"end":{"line":122,"column":14}},"43":{"start":{"line":124,"column":12},"end":{"line":124,"column":29}},"44":{"start":{"line":149,"column":8},"end":{"line":225,"column":null}},"45":{"start":{"line":150,"column":34},"end":{"line":150,"column":71}},"46":{"start":{"line":151,"column":36},"end":{"line":151,"column":79}},"47":{"start":{"line":152,"column":25},"end":{"line":152,"column":60}},"48":{"start":{"line":154,"column":40},"end":{"line":154,"column":63}},"49":{"start":{"line":156,"column":12},"end":{"line":167,"column":null}},"50":{"start":{"line":157,"column":16},"end":{"line":166,"column":19}},"51":{"start":{"line":169,"column":30},"end":{"line":172,"column":14}},"52":{"start":{"line":174,"column":26},"end":{"line":212,"column":14}},"53":{"start":{"line":214,"column":12},"end":{"line":222,"column":14}},"54":{"start":{"line":224,"column":12},"end":{"line":224,"column":29}},"55":{"start":{"line":242,"column":8},"end":{"line":297,"column":null}},"56":{"start":{"line":243,"column":23},"end":{"line":243,"column":57}},"57":{"start":{"line":245,"column":25},"end":{"line":280,"column":14}},"58":{"start":{"line":282,"column":12},"end":{"line":287,"column":null}},"59":{"start":{"line":283,"column":16},"end":{"line":286,"column":19}},"60":{"start":{"line":289,"column":12},"end":{"line":294,"column":14}},"61":{"start":{"line":296,"column":12},"end":{"line":296,"column":29}},"62":{"start":{"line":321,"column":8},"end":{"line":369,"column":null}},"63":{"start":{"line":322,"column":25},"end":{"line":322,"column":59}},"64":{"start":{"line":323,"column":26},"end":{"line":323,"column":62}},"65":{"start":{"line":325,"column":16},"end":{"line":325,"column":74}},"66":{"start":{"line":327,"column":40},"end":{"line":327,"column":63}},"67":{"start":{"line":329,"column":12},"end":{"line":335,"column":null}},"68":{"start":{"line":330,"column":16},"end":{"line":334,"column":19}},"69":{"start":{"line":337,"column":30},"end":{"line":340,"column":14}},"70":{"start":{"line":342,"column":27},"end":{"line":356,"column":14}},"71":{"start":{"line":358,"column":12},"end":{"line":366,"column":14}},"72":{"start":{"line":368,"column":12},"end":{"line":368,"column":29}},"73":{"start":{"line":391,"column":8},"end":{"line":464,"column":null}},"74":{"start":{"line":392,"column":26},"end":{"line":392,"column":60}},"75":{"start":{"line":394,"column":27},"end":{"line":431,"column":null}},"76":{"start":{"line":397,"column":41},"end":{"line":397,"column":55}},"77":{"start":{"line":398,"column":36},"end":{"line":398,"column":58}},"78":{"start":{"line":399,"column":41},"end":{"line":399,"column":69}},"79":{"start":{"line":401,"column":45},"end":{"line":401,"column":65}},"80":{"start":{"line":402,"column":50},"end":{"line":403,"column":null}},"81":{"start":{"line":405,"column":45},"end":{"line":405,"column":65}},"82":{"start":{"line":406,"column":46},"end":{"line":407,"column":null}},"83":{"start":{"line":409,"column":53},"end":{"line":411,"column":null}},"84":{"start":{"line":414,"column":36},"end":{"line":418,"column":63}},"85":{"start":{"line":421,"column":24},"end":{"line":429,"column":27}},"86":{"start":{"line":436,"column":32},"end":{"line":451,"column":14}},"87":{"start":{"line":439,"column":61},"end":{"line":439,"column":65}},"88":{"start":{"line":453,"column":12},"end":{"line":461,"column":14}},"89":{"start":{"line":463,"column":12},"end":{"line":463,"column":29}},"90":{"start":{"line":481,"column":8},"end":{"line":527,"column":null}},"91":{"start":{"line":482,"column":27},"end":{"line":482,"column":37}},"92":{"start":{"line":484,"column":31},"end":{"line":499,"column":14}},"93":{"start":{"line":501,"column":12},"end":{"line":506,"column":null}},"94":{"start":{"line":502,"column":16},"end":{"line":505,"column":19}},"95":{"start":{"line":508,"column":36},"end":{"line":508,"column":49}},"96":{"start":{"line":510,"column":12},"end":{"line":513,"column":null}},"97":{"start":{"line":512,"column":16},"end":{"line":512,"column":47}},"98":{"start":{"line":515,"column":12},"end":{"line":515,"column":39}},"99":{"start":{"line":517,"column":12},"end":{"line":517,"column":35}},"100":{"start":{"line":519,"column":12},"end":{"line":524,"column":14}},"101":{"start":{"line":526,"column":12},"end":{"line":526,"column":29}},"102":{"start":{"line":551,"column":8},"end":{"line":600,"column":null}},"103":{"start":{"line":552,"column":33},"end":{"line":552,"column":67}},"104":{"start":{"line":553,"column":34},"end":{"line":553,"column":70}},"105":{"start":{"line":555,"column":16},"end":{"line":555,"column":74}},"106":{"start":{"line":557,"column":40},"end":{"line":557,"column":63}},"107":{"start":{"line":559,"column":12},"end":{"line":565,"column":null}},"108":{"start":{"line":560,"column":16},"end":{"line":564,"column":19}},"109":{"start":{"line":567,"column":30},"end":{"line":570,"column":14}},"110":{"start":{"line":572,"column":31},"end":{"line":587,"column":14}},"111":{"start":{"line":589,"column":12},"end":{"line":597,"column":14}},"112":{"start":{"line":599,"column":12},"end":{"line":599,"column":29}},"113":{"start":{"line":624,"column":8},"end":{"line":698,"column":null}},"114":{"start":{"line":625,"column":44},"end":{"line":625,"column":52}},"115":{"start":{"line":626,"column":30},"end":{"line":626,"column":52}},"116":{"start":{"line":627,"column":39},"end":{"line":627,"column":72}},"117":{"start":{"line":629,"column":39},"end":{"line":638,"column":14}},"118":{"start":{"line":640,"column":12},"end":{"line":646,"column":null}},"119":{"start":{"line":641,"column":32},"end":{"line":641,"column":96}},"120":{"start":{"line":642,"column":16},"end":{"line":645,"column":19}},"121":{"start":{"line":648,"column":12},"end":{"line":656,"column":null}},"122":{"start":{"line":649,"column":44},"end":{"line":653,"column":18}},"123":{"start":{"line":655,"column":16},"end":{"line":655,"column":48}},"124":{"start":{"line":658,"column":34},"end":{"line":663,"column":14}},"125":{"start":{"line":665,"column":34},"end":{"line":675,"column":14}},"126":{"start":{"line":677,"column":12},"end":{"line":685,"column":null}},"127":{"start":{"line":678,"column":16},"end":{"line":684,"column":18}},"128":{"start":{"line":680,"column":24},"end":{"line":682,"column":27}},"129":{"start":{"line":688,"column":12},"end":{"line":688,"column":53}},"130":{"start":{"line":690,"column":12},"end":{"line":695,"column":14}},"131":{"start":{"line":697,"column":12},"end":{"line":697,"column":29}},"132":{"start":{"line":722,"column":8},"end":{"line":819,"column":null}},"133":{"start":{"line":723,"column":48},"end":{"line":723,"column":56}},"134":{"start":{"line":724,"column":31},"end":{"line":724,"column":64}},"135":{"start":{"line":726,"column":34},"end":{"line":728,"column":14}},"136":{"start":{"line":730,"column":12},"end":{"line":735,"column":null}},"137":{"start":{"line":731,"column":16},"end":{"line":734,"column":19}},"138":{"start":{"line":737,"column":30},"end":{"line":737,"column":52}},"139":{"start":{"line":739,"column":39},"end":{"line":747,"column":14}},"140":{"start":{"line":749,"column":12},"end":{"line":755,"column":null}},"141":{"start":{"line":750,"column":32},"end":{"line":750,"column":96}},"142":{"start":{"line":751,"column":16},"end":{"line":754,"column":19}},"143":{"start":{"line":757,"column":12},"end":{"line":765,"column":null}},"144":{"start":{"line":758,"column":44},"end":{"line":762,"column":18}},"145":{"start":{"line":764,"column":16},"end":{"line":764,"column":48}},"146":{"start":{"line":767,"column":12},"end":{"line":771,"column":15}},"147":{"start":{"line":773,"column":36},"end":{"line":784,"column":14}},"148":{"start":{"line":786,"column":34},"end":{"line":796,"column":14}},"149":{"start":{"line":798,"column":12},"end":{"line":806,"column":null}},"150":{"start":{"line":799,"column":16},"end":{"line":805,"column":18}},"151":{"start":{"line":801,"column":24},"end":{"line":803,"column":27}},"152":{"start":{"line":809,"column":12},"end":{"line":809,"column":53}},"153":{"start":{"line":811,"column":12},"end":{"line":816,"column":14}},"154":{"start":{"line":818,"column":12},"end":{"line":818,"column":29}},"155":{"start":{"line":837,"column":8},"end":{"line":879,"column":null}},"156":{"start":{"line":838,"column":23},"end":{"line":838,"column":57}},"157":{"start":{"line":840,"column":34},"end":{"line":848,"column":14}},"158":{"start":{"line":850,"column":12},"end":{"line":855,"column":null}},"159":{"start":{"line":851,"column":16},"end":{"line":854,"column":19}},"160":{"start":{"line":857,"column":39},"end":{"line":857,"column":55}},"161":{"start":{"line":859,"column":12},"end":{"line":864,"column":null}},"162":{"start":{"line":860,"column":16},"end":{"line":863,"column":19}},"163":{"start":{"line":866,"column":12},"end":{"line":866,"column":42}},"164":{"start":{"line":869,"column":12},"end":{"line":869,"column":53}},"165":{"start":{"line":871,"column":12},"end":{"line":876,"column":14}},"166":{"start":{"line":878,"column":12},"end":{"line":878,"column":29}},"167":{"start":{"line":903,"column":8},"end":{"line":998,"column":null}},"168":{"start":{"line":904,"column":33},"end":{"line":904,"column":67}},"169":{"start":{"line":905,"column":34},"end":{"line":905,"column":70}},"170":{"start":{"line":907,"column":16},"end":{"line":907,"column":74}},"171":{"start":{"line":909,"column":40},"end":{"line":909,"column":42}},"172":{"start":{"line":911,"column":12},"end":{"line":922,"column":null}},"173":{"start":{"line":912,"column":16},"end":{"line":921,"column":19}},"174":{"start":{"line":924,"column":30},"end":{"line":940,"column":14}},"175":{"start":{"line":942,"column":30},"end":{"line":985,"column":14}},"176":{"start":{"line":987,"column":12},"end":{"line":995,"column":14}},"177":{"start":{"line":997,"column":12},"end":{"line":997,"column":29}},"178":{"start":{"line":1033,"column":8},"end":{"line":1168,"column":null}},"179":{"start":{"line":1041,"column":31},"end":{"line":1041,"column":39}},"180":{"start":{"line":1043,"column":12},"end":{"line":1048,"column":null}},"181":{"start":{"line":1044,"column":16},"end":{"line":1047,"column":19}},"182":{"start":{"line":1050,"column":12},"end":{"line":1055,"column":null}},"183":{"start":{"line":1051,"column":16},"end":{"line":1054,"column":19}},"184":{"start":{"line":1057,"column":25},"end":{"line":1057,"column":63}},"185":{"start":{"line":1058,"column":25},"end":{"line":1058,"column":40}},"186":{"start":{"line":1059,"column":29},"end":{"line":1059,"column":60}},"187":{"start":{"line":1061,"column":30},"end":{"line":1063,"column":14}},"188":{"start":{"line":1065,"column":12},"end":{"line":1071,"column":null}},"189":{"start":{"line":1067,"column":16},"end":{"line":1070,"column":19}},"190":{"start":{"line":1073,"column":25},"end":{"line":1082,"column":14}},"191":{"start":{"line":1084,"column":12},"end":{"line":1096,"column":null}},"192":{"start":{"line":1085,"column":40},"end":{"line":1088,"column":null}},"193":{"start":{"line":1087,"column":24},"end":{"line":1087,"column":77}},"194":{"start":{"line":1091,"column":16},"end":{"line":1095,"column":18}},"195":{"start":{"line":1093,"column":24},"end":{"line":1093,"column":58}},"196":{"start":{"line":1098,"column":12},"end":{"line":1117,"column":null}},"197":{"start":{"line":1099,"column":34},"end":{"line":1109,"column":null}},"198":{"start":{"line":1101,"column":40},"end":{"line":1101,"column":56}},"199":{"start":{"line":1102,"column":24},"end":{"line":1108,"column":27}},"200":{"start":{"line":1112,"column":16},"end":{"line":1116,"column":18}},"201":{"start":{"line":1114,"column":24},"end":{"line":1114,"column":55}},"202":{"start":{"line":1119,"column":28},"end":{"line":1158,"column":14}},"203":{"start":{"line":1160,"column":12},"end":{"line":1165,"column":14}},"204":{"start":{"line":1167,"column":12},"end":{"line":1167,"column":29}},"205":{"start":{"line":1203,"column":8},"end":{"line":1405,"column":null}},"206":{"start":{"line":1204,"column":27},"end":{"line":1204,"column":37}},"207":{"start":{"line":1206,"column":25},"end":{"line":1228,"column":14}},"208":{"start":{"line":1230,"column":12},"end":{"line":1236,"column":null}},"209":{"start":{"line":1231,"column":16},"end":{"line":1235,"column":19}},"210":{"start":{"line":1245,"column":31},"end":{"line":1245,"column":39}},"211":{"start":{"line":1247,"column":12},"end":{"line":1252,"column":null}},"212":{"start":{"line":1248,"column":16},"end":{"line":1251,"column":19}},"213":{"start":{"line":1254,"column":12},"end":{"line":1259,"column":null}},"214":{"start":{"line":1255,"column":16},"end":{"line":1258,"column":19}},"215":{"start":{"line":1261,"column":25},"end":{"line":1261,"column":63}},"216":{"start":{"line":1262,"column":25},"end":{"line":1262,"column":40}},"217":{"start":{"line":1263,"column":29},"end":{"line":1263,"column":60}},"218":{"start":{"line":1265,"column":30},"end":{"line":1272,"column":14}},"219":{"start":{"line":1274,"column":12},"end":{"line":1280,"column":null}},"220":{"start":{"line":1276,"column":16},"end":{"line":1279,"column":19}},"221":{"start":{"line":1282,"column":12},"end":{"line":1303,"column":14}},"222":{"start":{"line":1305,"column":12},"end":{"line":1311,"column":null}},"223":{"start":{"line":1306,"column":16},"end":{"line":1310,"column":18}},"224":{"start":{"line":1308,"column":24},"end":{"line":1308,"column":61}},"225":{"start":{"line":1313,"column":12},"end":{"line":1319,"column":null}},"226":{"start":{"line":1314,"column":16},"end":{"line":1318,"column":18}},"227":{"start":{"line":1316,"column":24},"end":{"line":1316,"column":55}},"228":{"start":{"line":1321,"column":12},"end":{"line":1333,"column":null}},"229":{"start":{"line":1322,"column":40},"end":{"line":1325,"column":null}},"230":{"start":{"line":1324,"column":24},"end":{"line":1324,"column":77}},"231":{"start":{"line":1328,"column":16},"end":{"line":1332,"column":18}},"232":{"start":{"line":1330,"column":24},"end":{"line":1330,"column":58}},"233":{"start":{"line":1335,"column":12},"end":{"line":1354,"column":null}},"234":{"start":{"line":1336,"column":44},"end":{"line":1346,"column":null}},"235":{"start":{"line":1338,"column":48},"end":{"line":1338,"column":64}},"236":{"start":{"line":1339,"column":24},"end":{"line":1345,"column":27}},"237":{"start":{"line":1349,"column":16},"end":{"line":1353,"column":18}},"238":{"start":{"line":1351,"column":24},"end":{"line":1351,"column":55}},"239":{"start":{"line":1356,"column":32},"end":{"line":1395,"column":14}},"240":{"start":{"line":1397,"column":12},"end":{"line":1402,"column":14}},"241":{"start":{"line":1404,"column":12},"end":{"line":1404,"column":29}},"242":{"start":{"line":1422,"column":8},"end":{"line":1521,"column":null}},"243":{"start":{"line":1423,"column":23},"end":{"line":1423,"column":56}},"244":{"start":{"line":1424,"column":25},"end":{"line":1463,"column":14}},"245":{"start":{"line":1465,"column":12},"end":{"line":1470,"column":null}},"246":{"start":{"line":1466,"column":16},"end":{"line":1469,"column":19}},"247":{"start":{"line":1472,"column":42},"end":{"line":1472,"column":49}},"248":{"start":{"line":1474,"column":12},"end":{"line":1480,"column":null}},"249":{"start":{"line":1475,"column":16},"end":{"line":1479,"column":18}},"250":{"start":{"line":1477,"column":24},"end":{"line":1477,"column":61}},"251":{"start":{"line":1481,"column":12},"end":{"line":1487,"column":null}},"252":{"start":{"line":1482,"column":16},"end":{"line":1486,"column":18}},"253":{"start":{"line":1484,"column":24},"end":{"line":1484,"column":61}},"254":{"start":{"line":1488,"column":12},"end":{"line":1494,"column":null}},"255":{"start":{"line":1489,"column":16},"end":{"line":1493,"column":18}},"256":{"start":{"line":1491,"column":24},"end":{"line":1491,"column":55}},"257":{"start":{"line":1495,"column":12},"end":{"line":1501,"column":null}},"258":{"start":{"line":1496,"column":16},"end":{"line":1500,"column":18}},"259":{"start":{"line":1498,"column":24},"end":{"line":1498,"column":59}},"260":{"start":{"line":1503,"column":12},"end":{"line":1509,"column":null}},"261":{"start":{"line":1504,"column":16},"end":{"line":1508,"column":18}},"262":{"start":{"line":1506,"column":24},"end":{"line":1506,"column":50}},"263":{"start":{"line":1511,"column":12},"end":{"line":1511,"column":33}},"264":{"start":{"line":1513,"column":12},"end":{"line":1518,"column":14}},"265":{"start":{"line":1520,"column":12},"end":{"line":1520,"column":29}},"266":{"start":{"line":1526,"column":31},"end":{"line":1529,"column":10}},"267":{"start":{"line":1531,"column":8},"end":{"line":1537,"column":null}},"268":{"start":{"line":1532,"column":12},"end":{"line":1536,"column":14}},"269":{"start":{"line":1534,"column":20},"end":{"line":1534,"column":56}},"270":{"start":{"line":26,"column":0},"end":{"line":26,"column":13}}},"fnMap":{"0":{"name":"(anonymous_1)","decl":{"start":{"line":27,"column":11},"end":{"line":27,"column":18}},"loc":{"start":{"line":27,"column":18},"end":{"line":29,"column":5}}},"1":{"name":"(anonymous_2)","decl":{"start":{"line":30,"column":14},"end":{"line":30,"column":30}},"loc":{"start":{"line":30,"column":30},"end":{"line":71,"column":5}}},"2":{"name":"(anonymous_3)","decl":{"start":{"line":82,"column":12},"end":{"line":82,"column":17}},"loc":{"start":{"line":85,"column":34},"end":{"line":126,"column":5}}},"3":{"name":"(anonymous_4)","decl":{"start":{"line":144,"column":12},"end":{"line":144,"column":17}},"loc":{"start":{"line":147,"column":34},"end":{"line":226,"column":5}}},"4":{"name":"(anonymous_5)","decl":{"start":{"line":237,"column":12},"end":{"line":237,"column":17}},"loc":{"start":{"line":240,"column":34},"end":{"line":298,"column":5}}},"5":{"name":"(anonymous_6)","decl":{"start":{"line":316,"column":12},"end":{"line":316,"column":17}},"loc":{"start":{"line":319,"column":34},"end":{"line":370,"column":5}}},"6":{"name":"(anonymous_7)","decl":{"start":{"line":386,"column":12},"end":{"line":386,"column":17}},"loc":{"start":{"line":389,"column":34},"end":{"line":465,"column":5}}},"7":{"name":"(anonymous_8)","decl":{"start":{"line":396,"column":20},"end":{"line":396,"column":21}},"loc":{"start":{"line":396,"column":63},"end":{"line":430,"column":21}}},"8":{"name":"(anonymous_9)","decl":{"start":{"line":439,"column":54},"end":{"line":439,"column":55}},"loc":{"start":{"line":439,"column":61},"end":{"line":439,"column":65}}},"9":{"name":"(anonymous_10)","decl":{"start":{"line":476,"column":12},"end":{"line":476,"column":17}},"loc":{"start":{"line":479,"column":34},"end":{"line":528,"column":5}}},"10":{"name":"(anonymous_11)","decl":{"start":{"line":546,"column":12},"end":{"line":546,"column":17}},"loc":{"start":{"line":549,"column":34},"end":{"line":601,"column":5}}},"11":{"name":"(anonymous_12)","decl":{"start":{"line":619,"column":12},"end":{"line":619,"column":17}},"loc":{"start":{"line":622,"column":34},"end":{"line":699,"column":5}}},"12":{"name":"(anonymous_13)","decl":{"start":{"line":679,"column":38},"end":{"line":679,"column":39}},"loc":{"start":{"line":679,"column":44},"end":{"line":683,"column":21}}},"13":{"name":"(anonymous_14)","decl":{"start":{"line":717,"column":12},"end":{"line":717,"column":17}},"loc":{"start":{"line":720,"column":34},"end":{"line":820,"column":5}}},"14":{"name":"(anonymous_15)","decl":{"start":{"line":800,"column":38},"end":{"line":800,"column":39}},"loc":{"start":{"line":800,"column":44},"end":{"line":804,"column":21}}},"15":{"name":"(anonymous_16)","decl":{"start":{"line":832,"column":12},"end":{"line":832,"column":17}},"loc":{"start":{"line":835,"column":34},"end":{"line":880,"column":5}}},"16":{"name":"(anonymous_17)","decl":{"start":{"line":898,"column":12},"end":{"line":898,"column":17}},"loc":{"start":{"line":901,"column":34},"end":{"line":999,"column":5}}},"17":{"name":"(anonymous_18)","decl":{"start":{"line":1028,"column":12},"end":{"line":1028,"column":17}},"loc":{"start":{"line":1031,"column":34},"end":{"line":1169,"column":5}}},"18":{"name":"(anonymous_19)","decl":{"start":{"line":1086,"column":35},"end":{"line":1086,"column":36}},"loc":{"start":{"line":1086,"column":41},"end":{"line":1088,"column":21}}},"19":{"name":"(anonymous_20)","decl":{"start":{"line":1092,"column":40},"end":{"line":1092,"column":41}},"loc":{"start":{"line":1092,"column":46},"end":{"line":1094,"column":21}}},"20":{"name":"(anonymous_21)","decl":{"start":{"line":1100,"column":29},"end":{"line":1100,"column":30}},"loc":{"start":{"line":1100,"column":35},"end":{"line":1109,"column":21}}},"21":{"name":"(anonymous_22)","decl":{"start":{"line":1113,"column":34},"end":{"line":1113,"column":35}},"loc":{"start":{"line":1113,"column":40},"end":{"line":1115,"column":21}}},"22":{"name":"(anonymous_23)","decl":{"start":{"line":1198,"column":12},"end":{"line":1198,"column":17}},"loc":{"start":{"line":1201,"column":34},"end":{"line":1406,"column":5}}},"23":{"name":"(anonymous_24)","decl":{"start":{"line":1307,"column":40},"end":{"line":1307,"column":41}},"loc":{"start":{"line":1307,"column":46},"end":{"line":1309,"column":21}}},"24":{"name":"(anonymous_25)","decl":{"start":{"line":1315,"column":34},"end":{"line":1315,"column":35}},"loc":{"start":{"line":1315,"column":40},"end":{"line":1317,"column":21}}},"25":{"name":"(anonymous_26)","decl":{"start":{"line":1323,"column":35},"end":{"line":1323,"column":36}},"loc":{"start":{"line":1323,"column":41},"end":{"line":1325,"column":21}}},"26":{"name":"(anonymous_27)","decl":{"start":{"line":1329,"column":40},"end":{"line":1329,"column":41}},"loc":{"start":{"line":1329,"column":46},"end":{"line":1331,"column":21}}},"27":{"name":"(anonymous_28)","decl":{"start":{"line":1337,"column":29},"end":{"line":1337,"column":30}},"loc":{"start":{"line":1337,"column":35},"end":{"line":1346,"column":21}}},"28":{"name":"(anonymous_29)","decl":{"start":{"line":1350,"column":44},"end":{"line":1350,"column":45}},"loc":{"start":{"line":1350,"column":50},"end":{"line":1352,"column":21}}},"29":{"name":"(anonymous_30)","decl":{"start":{"line":1417,"column":12},"end":{"line":1417,"column":17}},"loc":{"start":{"line":1420,"column":34},"end":{"line":1522,"column":5}}},"30":{"name":"(anonymous_31)","decl":{"start":{"line":1476,"column":40},"end":{"line":1476,"column":41}},"loc":{"start":{"line":1476,"column":46},"end":{"line":1478,"column":21}}},"31":{"name":"(anonymous_32)","decl":{"start":{"line":1483,"column":40},"end":{"line":1483,"column":41}},"loc":{"start":{"line":1483,"column":46},"end":{"line":1485,"column":21}}},"32":{"name":"(anonymous_33)","decl":{"start":{"line":1490,"column":34},"end":{"line":1490,"column":35}},"loc":{"start":{"line":1490,"column":40},"end":{"line":1492,"column":21}}},"33":{"name":"(anonymous_34)","decl":{"start":{"line":1497,"column":38},"end":{"line":1497,"column":39}},"loc":{"start":{"line":1497,"column":44},"end":{"line":1499,"column":21}}},"34":{"name":"(anonymous_35)","decl":{"start":{"line":1505,"column":36},"end":{"line":1505,"column":37}},"loc":{"start":{"line":1505,"column":42},"end":{"line":1507,"column":21}}},"35":{"name":"(anonymous_36)","decl":{"start":{"line":1524,"column":12},"end":{"line":1524,"column":17}},"loc":{"start":{"line":1524,"column":55},"end":{"line":1538,"column":5}}},"36":{"name":"(anonymous_37)","decl":{"start":{"line":1533,"column":35},"end":{"line":1533,"column":36}},"loc":{"start":{"line":1533,"column":44},"end":{"line":1535,"column":17}}}},"branchMap":{"0":{"loc":{"start":{"line":90,"column":12},"end":{"line":95,"column":null}},"type":"if","locations":[{"start":{"line":90,"column":12},"end":{"line":95,"column":null}},{"start":{"line":90,"column":12},"end":{"line":95,"column":null}}]},"1":{"loc":{"start":{"line":110,"column":12},"end":{"line":115,"column":null}},"type":"if","locations":[{"start":{"line":110,"column":12},"end":{"line":115,"column":null}},{"start":{"line":110,"column":12},"end":{"line":115,"column":null}}]},"2":{"loc":{"start":{"line":150,"column":43},"end":{"line":150,"column":58}},"type":"binary-expr","locations":[{"start":{"line":150,"column":43},"end":{"line":150,"column":58}},{"start":{"line":150,"column":62},"end":{"line":150,"column":66}}]},"3":{"loc":{"start":{"line":151,"column":55},"end":{"line":151,"column":72}},"type":"binary-expr","locations":[{"start":{"line":151,"column":55},"end":{"line":151,"column":72}},{"start":{"line":151,"column":76},"end":{"line":151,"column":78}}]},"4":{"loc":{"start":{"line":152,"column":34},"end":{"line":152,"column":48}},"type":"binary-expr","locations":[{"start":{"line":152,"column":34},"end":{"line":152,"column":48}},{"start":{"line":152,"column":52},"end":{"line":152,"column":55}}]},"5":{"loc":{"start":{"line":156,"column":12},"end":{"line":167,"column":null}},"type":"if","locations":[{"start":{"line":156,"column":12},"end":{"line":167,"column":null}},{"start":{"line":156,"column":12},"end":{"line":167,"column":null}}]},"6":{"loc":{"start":{"line":243,"column":32},"end":{"line":243,"column":45}},"type":"binary-expr","locations":[{"start":{"line":243,"column":32},"end":{"line":243,"column":45}},{"start":{"line":243,"column":49},"end":{"line":243,"column":52}}]},"7":{"loc":{"start":{"line":282,"column":12},"end":{"line":287,"column":null}},"type":"if","locations":[{"start":{"line":282,"column":12},"end":{"line":287,"column":null}},{"start":{"line":282,"column":12},"end":{"line":287,"column":null}}]},"8":{"loc":{"start":{"line":325,"column":16},"end":{"line":325,"column":33}},"type":"binary-expr","locations":[{"start":{"line":325,"column":16},"end":{"line"
[...]
mn":24},"end":{"line":130,"column":10}},"34":{"start":{"line":132,"column":25},"end":{"line":172,"column":null}},"35":{"start":{"line":143,"column":16},"end":{"line":171,"column":null}},"36":{"start":{"line":144,"column":41},"end":{"line":144,"column":48}},"37":{"start":{"line":146,"column":33},"end":{"line":151,"column":22}},"38":{"start":{"line":153,"column":20},"end":{"line":157,"column":null}},"39":{"start":{"line":154,"column":24},"end":{"line":156,"column":26}},"40":{"start":{"line":159,"column":20},"end":{"line":162,"column":22}},"41":{"start":{"line":163,"column":20},"end":{"line":163,"column":40}},"42":{"start":{"line":165,"column":20},"end":{"line":165,"column":43}},"43":{"start":{"line":167,"column":20},"end":{"line":167,"column":39}},"44":{"start":{"line":168,"column":20},"end":{"line":170,"column":23}},"45":{"start":{"line":175,"column":8},"end":{"line":175,"column":31}},"46":{"start":{"line":13,"column":0},"end":{"line":13,"column":13}}},"fnMap":{"0":{"name":"(anonymous_1)","decl":{"start":{"line":14,"column":11},"end":{"line":14,"column":15}},"loc":{"start":{"line":14,"column":15},"end":{"line":18,"column":5}}},"1":{"name":"(anonymous_2)","decl":{"start":{"line":20,"column":12},"end":{"line":20,"column":29}},"loc":{"start":{"line":20,"column":29},"end":{"line":48,"column":5}}},"2":{"name":"(anonymous_3)","decl":{"start":{"line":21,"column":31},"end":{"line":21,"column":32}},"loc":{"start":{"line":21,"column":63},"end":{"line":24,"column":9}}},"3":{"name":"(anonymous_4)","decl":{"start":{"line":26,"column":33},"end":{"line":26,"column":38}},"loc":{"start":{"line":26,"column":60},"end":{"line":47,"column":9}}},"4":{"name":"(anonymous_5)","decl":{"start":{"line":50,"column":12},"end":{"line":50,"column":27}},"loc":{"start":{"line":50,"column":27},"end":{"line":122,"column":5}}},"5":{"name":"(anonymous_6)","decl":{"start":{"line":59,"column":16},"end":{"line":59,"column":21}},"loc":{"start":{"line":68,"column":35},"end":{"line":119,"column":17}}},"6":{"name":"(anonymous_7)","decl":{"start":{"line":124,"column":12},"end":{"line":124,"column":25}},"loc":{"start":{"line":124,"column":25},"end":{"line":176,"column":5}}},"7":{"name":"(anonymous_8)","decl":{"start":{"line":134,"column":12},"end":{"line":134,"column":17}},"loc":{"start":{"line":142,"column":31},"end":{"line":172,"column":13}}}},"branchMap":{"0":{"loc":{"start":{"line":74,"column":24},"end":{"line":78,"column":null}},"type":"if","locations":[{"start":{"line":74,"column":24},"end":{"line":78,"column":null}},{"start":{"line":74,"column":24},"end":{"line":78,"column":null}}]},"1":{"loc":{"start":{"line":80,"column":24},"end":{"line":87,"column":null}},"type":"if","locations":[{"start":{"line":80,"column":24},"end":{"line":87,"column":null}},{"start":{"line":80,"column":24},"end":{"line":87,"column":null}}]},"2":{"loc":{"start":{"line":94,"column":24},"end":{"line":113,"column":null}},"type":"if","locations":[{"start":{"line":94,"column":24},"end":{"line":113,"column":null}},{"start":{"line":94,"column":24},"end":{"line":113,"column":null}}]},"3":{"loc":{"start":{"line":153,"column":20},"end":{"line":157,"column":null}},"type":"if","locations":[{"start":{"line":153,"column":20},"end":{"line":157,"column":null}},{"start":{"line":153,"column":20},"end":{"line":157,"column":null}}]}},"s":{"0":1,"1":1,"2":1,"3":1,"4":1,"5":1,"6":1,"7":1,"8":1,"9":1,"10":0,"11":0,"12":1,"13":0,"14":0,"15":0,"16":0,"17":0,"18":0,"19":1,"20":0,"21":0,"22":0,"23":0,"24":0,"25":0,"26":0,"27":0,"28":0,"29":0,"30":0,"31":0,"32":0,"33":1,"34":1,"35":0,"36":0,"37":0,"38":0,"39":0,"40":0,"41":0,"42":0,"43":0,"44":0,"45":1,"46":1},"f":{"0":1,"1":1,"2":0,"3":0,"4":1,"5":0,"6":1,"7":0},"b":{"0":[0,0],"1":[0,0],"2":[0,0],"3":[0,0]}}
,"D:\\repos\\blog-node-backend\\src\\passport\\Session.model.ts": {"path":"D:\\repos\\blog-node-backend\\src\\passport\\Session.model.ts","statementMap":{"0":{"start":{"line":1,"column":0},"end":{"line":1,"column":null}},"1":{"start":{"line":16,"column":0},"end":{"line":28,"column":null}},"2":{"start":{"line":19,"column":4},"end":{"line":19,"column":null}},"3":{"start":{"line":23,"column":4},"end":{"line":23,"column":null}},"4":{"start":{"line":27,"column":4},"end":{"line":27,"column":null}},"5":{"start":{"line":16,"column":13},"end":{"line":28,"column":null}},"6":{"start":{"line":16,"column":13},"end":{"line":16,"column":20}}},"fnMap":{},"branchMap":{},"s":{"0":1,"1":1,"2":1,"3":1,"4":1,"5":1,"6":1},"f":{},"b":{}}
,"D:\\repos\\blog-node-backend\\src\\passport\\databaseSessionStore.ts": {"path":"D:\\repos\\blog-node-backend\\src\\passport\\databaseSessionStore.ts","statementMap":{"0":{"start":{"line":1,"column":0},"end":{"line":1,"column":45}},"1":{"start":{"line":2,"column":0},"end":{"line":2,"column":34}},"2":{"start":{"line":3,"column":0},"end":{"line":3,"column":42}},"3":{"start":{"line":6,"column":11},"end":{"line":6,"column":23}},"4":{"start":{"line":21,"column":8},"end":{"line":21,"column":22}},"5":{"start":{"line":34,"column":11},"end":{"line":47,"column":6}},"6":{"start":{"line":35,"column":8},"end":{"line":46,"column":15}},"7":{"start":{"line":40,"column":31},"end":{"line":40,"column":48}},"8":{"start":{"line":42,"column":16},"end":{"line":42,"column":35}},"9":{"start":{"line":43,"column":16},"end":{"line":45,"column":null}},"10":{"start":{"line":44,"column":20},"end":{"line":44,"column":34}},"11":{"start":{"line":49,"column":11},"end":{"line":77,"column":6}},"12":{"start":{"line":53,"column":8},"end":{"line":76,"column":15}},"13":{"start":{"line":55,"column":28},"end":{"line":55,"column":38}},"14":{"start":{"line":56,"column":32},"end":{"line":56,"column":52}},"15":{"start":{"line":57,"column":42},"end":{"line":59,"column":26}},"16":{"start":{"line":60,"column":64},"end":{"line":62,"column":71}},"17":{"start":{"line":64,"column":16},"end":{"line":64,"column":74}},"18":{"start":{"line":66,"column":16},"end":{"line":68,"column":null}},"19":{"start":{"line":67,"column":20},"end":{"line":67,"column":47}},"20":{"start":{"line":71,"column":16},"end":{"line":71,"column":35}},"21":{"start":{"line":73,"column":16},"end":{"line":75,"column":null}},"22":{"start":{"line":74,"column":20},"end":{"line":74,"column":40}},"23":{"start":{"line":79,"column":11},"end":{"line":110,"column":6}},"24":{"start":{"line":84,"column":20},"end":{"line":84,"column":30}},"25":{"start":{"line":85,"column":34},"end":{"line":86,"column":null}},"26":{"start":{"line":88,"column":23},"end":{"line":88,"column":50}},"27":{"start":{"line":90,"column":27},"end":{"line":94,"column":10}},"28":{"start":{"line":96,"column":8},"end":{"line":109,"column":15}},"29":{"start":{"line":99,"column":16},"end":{"line":99,"column":50}},"30":{"start":{"line":100,"column":16},"end":{"line":102,"column":null}},"31":{"start":{"line":101,"column":20},"end":{"line":101,"column":35}},"32":{"start":{"line":105,"column":16},"end":{"line":105,"column":35}},"33":{"start":{"line":106,"column":16},"end":{"line":108,"column":null}},"34":{"start":{"line":107,"column":20},"end":{"line":107,"column":34}},"35":{"start":{"line":23,"column":24},"end":{"line":28,"column":10}},"36":{"start":{"line":30,"column":8},"end":{"line":30,"column":31}},"37":{"start":{"line":31,"column":8},"end":{"line":31,"column":41}},"38":{"start":{"line":113,"column":8},"end":{"line":125,"column":15}},"39":{"start":{"line":121,"column":16},"end":{"line":121,"column":70}},"40":{"start":{"line":124,"column":16},"end":{"line":124,"column":35}},"41":{"start":{"line":129,"column":8},"end":{"line":132,"column":10}},"42":{"start":{"line":130,"column":18},"end":{"line":130,"column":54}},"43":{"start":{"line":16,"column":0},"end":{"line":16,"column":21}}},"fnMap":{"0":{"name":"(anonymous_1)","decl":{"start":{"line":20,"column":4},"end":{"line":20,"column":16}},"loc":{"start":{"line":20,"column":52},"end":{"line":32,"column":5}}},"1":{"name":"(anonymous_2)","decl":{"start":{"line":34,"column":21},"end":{"line":34,"column":22}},"loc":{"start":{"line":34,"column":75},"end":{"line":47,"column":5}}},"2":{"name":"(anonymous_3)","decl":{"start":{"line":40,"column":18},"end":{"line":40,"column":19}},"loc":{"start":{"line":40,"column":31},"end":{"line":40,"column":48}}},"3":{"name":"(anonymous_4)","decl":{"start":{"line":41,"column":19},"end":{"line":41,"column":20}},"loc":{"start":{"line":41,"column":27},"end":{"line":46,"column":13}}},"4":{"name":"(anonymous_5)","decl":{"start":{"line":49,"column":17},"end":{"line":49,"column":null}},"loc":{"start":{"line":52,"column":14},"end":{"line":77,"column":5}}},"5":{"name":"(anonymous_6)","decl":{"start":{"line":54,"column":18},"end":{"line":54,"column":19}},"loc":{"start":{"line":54,"column":30},"end":{"line":69,"column":13}}},"6":{"name":"(anonymous_7)","decl":{"start":{"line":70,"column":19},"end":{"line":70,"column":20}},"loc":{"start":{"line":70,"column":27},"end":{"line":76,"column":13}}},"7":{"name":"(anonymous_8)","decl":{"start":{"line":79,"column":17},"end":{"line":79,"column":null}},"loc":{"start":{"line":83,"column":14},"end":{"line":110,"column":5}}},"8":{"name":"(anonymous_9)","decl":{"start":{"line":98,"column":18},"end":{"line":98,"column":19}},"loc":{"start":{"line":98,"column":24},"end":{"line":103,"column":13}}},"9":{"name":"(anonymous_10)","decl":{"start":{"line":104,"column":19},"end":{"line":104,"column":20}},"loc":{"start":{"line":104,"column":27},"end":{"line":109,"column":13}}},"10":{"name":"(anonymous_11)","decl":{"start":{"line":112,"column":12},"end":{"line":112,"column":32}},"loc":{"start":{"line":112,"column":32},"end":{"line":126,"column":5}}},"11":{"name":"(anonymous_12)","decl":{"start":{"line":120,"column":18},"end":{"line":120,"column":19}},"loc":{"start":{"line":120,"column":31},"end":{"line":122,"column":13}}},"12":{"name":"(anonymous_13)","decl":{"start":{"line":123,"column":19},"end":{"line":123,"column":20}},"loc":{"start":{"line":123,"column":27},"end":{"line":125,"column":13}}},"13":{"name":"(anonymous_14)","decl":{"start":{"line":128,"column":12},"end":{"line":128,"column":37}},"loc":{"start":{"line":128,"column":37},"end":{"line":133,"column":5}}},"14":{"name":"(anonymous_15)","decl":{"start":{"line":130,"column":12},"end":{"line":130,"column":15}},"loc":{"start":{"line":130,"column":18},"end":{"line":130,"column":54}}}},"branchMap":{"0":{"loc":{"start":{"line":43,"column":16},"end":{"line":45,"column":null}},"type":"if","locations":[{"start":{"line":43,"column":16},"end":{"line":45,"column":null}},{"start":{"line":43,"column":16},"end":{"line":45,"column":null}}]},"1":{"loc":{"start":{"line":58,"column":22},"end":{"line":58,"column":55}},"type":"cond-expr","locations":[{"start":{"line":58,"column":22},"end":{"line":58,"column":55}},{"start":{"line":59,"column":22},"end":{"line":59,"column":26}}]},"2":{"loc":{"start":{"line":61,"column":22},"end":{"line":61,"column":26}},"type":"cond-expr","locations":[{"start":{"line":61,"column":22},"end":{"line":61,"column":26}},{"start":{"line":62,"column":23},"end":{"line":62,"column":71}}]},"3":{"loc":{"start":{"line":64,"column":53},"end":{"line":64,"column":62}},"type":"cond-expr","locations":[{"start":{"line":64,"column":53},"end":{"line":64,"column":62}},{"start":{"line":64,"column":65},"end":{"line":64,"column":72}}]},"4":{"loc":{"start":{"line":66,"column":16},"end":{"line":68,"column":null}},"type":"if","locations":[{"start":{"line":66,"column":16},"end":{"line":68,"column":null}},{"start":{"line":66,"column":16},"end":{"line":68,"column":null}}]},"5":{"loc":{"start":{"line":73,"column":16},"end":{"line":75,"column":null}},"type":"if","locations":[{"start":{"line":73,"column":16},"end":{"line":75,"column":null}},{"start":{"line":73,"column":16},"end":{"line":75,"column":null}}]},"6":{"loc":{"start":{"line":100,"column":16},"end":{"line":102,"column":null}},"type":"if","locations":[{"start":{"line":100,"column":16},"end":{"line":102,"column":null}},{"start":{"line":100,"column":16},"end":{"line":102,"column":null}}]},"7":{"loc":{"start":{"line":106,"column":16},"end":{"line":108,"column":null}},"type":"if","locations":[{"start":{"line":106,"column":16},"end":{"line":108,"column":null}},{"start":{"line":106,"column":16},"end":{"line":108,"column":null}}]},"8":{"loc":{"start":{"line":25,"column":16},"end":{"line":25,"column":33}},"type":"binary-expr","locations":[{"start":{"line":25,"column":16},"end":{"line":25,"column":33}},{"start":{"line":25,"column":37},"end":{"line":25,"column":62}}]},"9":{"loc":{"start":{"line":27,"column":16},"end":{"line":27,"column":36}},"type":"binary-expr","locations":[{"start":{"line":27,"column":16},"end":{"line":27,"column":36}},{"start":{"line":27,"column":40},"end":{"line":27,"column":54}}]}},"s":{"0":1,"1":1,"2":1,"3":1,"4":1,"5":1,"6":0,"7":0,"8":0,"9":0,"10":0,"11":1,"12":0,"13":0,"14":0,"15":0,"16":0,"17":0,"18":0,"19":0,"20":0,"21":0,"22":0,"23":1,"24":0,"25":0,"26":0,"27":0,"28":0,"29":0,"30":0,"31":0,"32":0,"33":0,"34":0,"35":1,"36":1,"37":1,"38":0,"39":0,"40":0,"41":1,"42":0,"43":1},"f":{"0":1,"1":0,"2":0,"3":0,"4":0,"5":0,"6":0,"7":0,"8":0,"9":0,"10":0,"11":0,"12":0,"13":1,"14":0},"b":{"0":[0,0],"1":[0,0],"2":[0,0],"3":[0,0],"4":[0,0],"5":[0,0],"6":[0,0],"7":[0,0],"8":[1,0],"9":[1,1]}}
,"D:\\repos\\blog-node-backend\\src\\typings\\ControllerBase.ts": {"path":"D:\\repos\\blog-node-backend\\src\\typings\\ControllerBase.ts","statementMap":{"0":{"start":{"line":1,"column":0},"end":{"line":1,"column":36}},"1":{"start":{"line":3,"column":0},"end":{"line":3,"column":52}},"2":{"start":{"line":6,"column":23},"end":{"line":6,"column":65}},"3":{"start":{"line":9,"column":8},"end":{"line":9,"column":32}},"4":{"start":{"line":15,"column":8},"end":{"line":15,"column":27}},"5":{"start":{"line":23,"column":8},"end":{"line":23,"column":34}},"6":{"start":{"line":27,"column":8},"end":{"line":32,"column":null}},"7":{"start":{"line":28,"column":12},"end":{"line":31,"column":15}},"8":{"start":{"line":5,"column":0},"end":{"line":5,"column":22}}},"fnMap":{"0":{"name":"(anonymous_0)","decl":{"start":{"line":8,"column":4},"end":{"line":8,"column":null}},"loc":{"start":{"line":8,"column":4},"end":{"line":10,"column":5}}},"1":{"name":"(anonymous_1)","decl":{"start":{"line":14,"column":11},"end":{"line":14,"column":20}},"loc":{"start":{"line":14,"column":20},"end":{"line":16,"column":5}}},"2":{"name":"(anonymous_2)","decl":{"start":{"line":18,"column":14},"end":{"line":18,"column":23}},"loc":{"start":{"line":21,"column":26},"end":{"line":24,"column":5}}},"3":{"name":"(anonymous_3)","decl":{"start":{"line":26,"column":14},"end":{"line":26,"column":30}},"loc":{"start":{"line":26,"column":61},"end":{"line":33,"column":5}}}},"branchMap":{"0":{"loc":{"start":{"line":20,"column":23},"end":{"line":20,"column":24}},"type":"default-arg","locations":[{"start":{"line":20,"column":23},"end":{"line":20,"column":24}}]},"1":{"loc":{"start":{"line":21,"column":24},"end":{"line":21,"column":26}},"type":"default-arg","locations":[{"start":{"line":21,"column":24},"end":{"line":21,"column":26}}]},"2":{"loc":{"start":{"line":27,"column":8},"end":{"line":32,"column":null}},"type":"if","locations":[{"start":{"line":27,"column":8},"end":{"line":32,"column":null}},{"start":{"line":27,"column":8},"end":{"line":32,"column":null}}]},"3":{"loc":{"start":{"line":27,"column":12},"end":{"line":27,"column":18}},"type":"binary-expr","locations":[{"start":{"line":27,"column":12},"end":{"line":27,"column":18}},{"start":{"line":27,"column":22},"end":{"line":27,"column":47}}]}},"s":{"0":1,"1":1,"2":6,"3":6,"4":6,"5":0,"6":30,"7":5,"8":1},"f":{"0":6,"1":6,"2":0,"3":30},"b":{"0":[0],"1":[0],"2":[5,25],"3":[30,25]}}
,"D:\\repos\\blog-node-backend\\src\\typings\\HttpStatusError.ts": {"path":"D:\\repos\\blog-node-backend\\src\\typings\\HttpStatusError.ts","statementMap":{"0":{"start":{"line":17,"column":8},"end":{"line":17,"column":52}},"1":{"start":{"line":18,"column":8},"end":{"line":18,"column":38}},"2":{"start":{"line":19,"column":8},"end":{"line":19,"column":73}},"3":{"start":{"line":20,"column":8},"end":{"line":20,"column":41}},"4":{"start":{"line":21,"column":8},"end":{"line":21,"column":60}},"5":{"start":{"line":9,"column":0},"end":{"line":9,"column":13}}},"fnMap":{"0":{"name":"(anonymous_0)","decl":{"start":{"line":16,"column":4},"end":{"line":16,"column":16}},"loc":{"start":{"line":16,"column":39},"end":{"line":22,"column":5}}}},"branchMap":{"0":{"loc":{"start":{"line":17,"column":20},"end":{"line":17,"column":30}},"type":"binary-expr","locations":[{"start":{"line":17,"column":20},"end":{"line":17,"column":30}},{"start":{"line":17,"column":34},"end":{"line":17,"column":51}}]},"1":{"loc":{"start":{"line":18,"column":20},"end":{"line":18,"column":30}},"type":"binary-expr","locations":[{"start":{"line":18,"column":20},"end":{"line":18,"column":30}},{"start":{"line":18,"column":34},"end":{"line":18,"column":37}}]},"2":{"loc":{"start":{"line":19,"column":23},"end":{"line":19,"column":36}},"type":"binary-expr","locations":[{"start":{"line":19,"column":23},"end":{"line":19,"column":36}},{"start":{"line":19,"column":40},"end":{"line":19,"column":72}}]},"3":{"loc":{"start":{"line":20,"column":21},"end":{"line":20,"column":32}},"type":"binary-expr","locations":[{"start":{"line":20,"column":21},"end":{"line":20,"column":32}},{"start":{"line":20,"column":36},"end":{"line":20,"column":40}}]},"4":{"loc":{"start":{"line":21,"column":35},"end":{"line":21,"column":52}},"type":"cond-expr","locations":[{"start":{"line":21,"column":35},"end":{"line":21,"column":52}},{"start":{"line":21,"column":55},"end":{"line":21,"column":59}}]}},"s":{"0":7,"1":7,"2":7,"3":7,"4":7,"5":1},"f":{"0":7},"b":{"0":[7,7],"1":[7,0],"2":[7,0],"3":[7,7],"4":[0,7]}}
,"D:\\repos\\blog-node-backend\\src\\typings\\JsonResult.ts": {"path":"D:\\repos\\blog-node-backend\\src\\typings\\JsonResult.ts","statementMap":{"0":{"start":{"line":32,"column":8},"end":{"line":36,"column":null}},"1":{"start":{"line":33,"column":12},"end":{"line":33,"column":41}},"2":{"start":{"line":34,"column":12},"end":{"line":34,"column":35}},"3":{"start":{"line":35,"column":12},"end":{"line":35,"column":41}},"4":{"start":{"line":8,"column":23},"end":{"line":8,"column":47}},"5":{"start":{"line":10,"column":8},"end":{"line":10,"column":31}},"6":{"start":{"line":11,"column":8},"end":{"line":11,"column":27}},"7":{"start":{"line":12,"column":8},"end":{"line":12,"column":28}},"8":{"start":{"line":14,"column":8},"end":{"line":14,"column":22}},"9":{"start":{"line":20,"column":8},"end":{"line":24,"column":11}},"10":{"start":{"line":4,"column":0},"end":{"line":4,"column":13}},"11":{"start":{"line":5,"column":18},"end":{"line":5,"column":74}}},"fnMap":{"0":{"name":"(anonymous_0)","decl":{"start":{"line":31,"column":4},"end":{"line":31,"column":16}},"loc":{"start":{"line":31,"column":38},"end":{"line":37,"column":5}}},"1":{"name":"(anonymous_1)","decl":{"start":{"line":7,"column":11},"end":{"line":7,"column":17}},"loc":{"start":{"line":7,"column":32},"end":{"line":15,"column":5}}},"2":{"name":"(anonymous_2)","decl":{"start":{"line":17,"column":11},"end":{"line":17,"column":17}},"loc":{"start":{"line":18,"column":28},"end":{"line":25,"column":5}}}},"branchMap":{"0":{"loc":{"start":{"line":32,"column":8},"end":{"line":36,"column":null}},"type":"if","locations":[{"start":{"line":32,"column":8},"end":{"line":36,"column":null}},{"start":{"line":32,"column":8},"end":{"line":36,"column":null}}]},"1":{"loc":{"start":{"line":23,"column":21},"end":{"line":23,"column":32}},"type":"binary-expr","locations":[{"start":{"line":23,"column":21},"end":{"line":23,"column":32}},{"start":{"line":23,"column":36},"end":{"line":23,"column":50}}]}},"s":{"0":9,"1":8,"2":8,"3":8,"4":1,"5":1,"6":1,"7":1,"8":1,"9":7,"10":1,"11":1},"f":{"0":9,"1":1,"2":7},"b":{"0":[8,1],"1":[7,0]}}
,"D:\\repos\\blog-node-backend\\src\\typings\\defaultUserAttributes.ts": {"path":"D:\\repos\\blog-node-backend\\src\\typings\\defaultUserAttributes.ts","statementMap":{"0":{"start":{"line":1,"column":13},"end":{"line":7,"column":2}}},"fnMap":{},"branchMap":{},"s":{"0":1},"f":{},"b":{}}
}
