TN:
SF:D:\repos\blog-node-backend\src\app.ts
FN:29,(anonymous_1)
FN:35,(anonymous_2)
FN:41,(anonymous_3)
FN:50,(anonymous_4)
FN:54,(anonymous_5)
FN:55,(anonymous_6)
FN:60,(anonymous_7)
FN:74,(anonymous_8)
FN:82,(anonymous_9)
FN:122,(anonymous_10)
FN:133,(anonymous_11)
FN:140,(anonymous_12)
FNF:12
FNH:9
FNDA:1,(anonymous_1)
FNDA:4,(anonymous_2)
FNDA:1,(anonymous_3)
FNDA:8,(anonymous_4)
FNDA:0,(anonymous_5)
FNDA:0,(anonymous_6)
FNDA:1,(anonymous_7)
FNDA:1,(anonymous_8)
FNDA:1,(anonymous_9)
FNDA:1,(anonymous_10)
FNDA:6,(anonymous_11)
FNDA:0,(anonymous_12)
DA:1,1
DA:2,1
DA:3,1
DA:4,1
DA:5,1
DA:7,1
DA:8,1
DA:10,1
DA:12,1
DA:13,1
DA:14,1
DA:15,1
DA:16,1
DA:17,1
DA:18,1
DA:19,1
DA:20,1
DA:22,1
DA:24,1
DA:26,1
DA:30,1
DA:31,1
DA:33,1
DA:35,1
DA:42,1
DA:43,1
DA:44,1
DA:45,1
DA:47,1
DA:51,8
DA:55,0
DA:56,0
DA:61,1
DA:71,1
DA:75,1
DA:77,1
DA:79,1
DA:83,1
DA:87,1
DA:89,1
DA:90,1
DA:91,1
DA:93,1
DA:100,1
DA:101,1
DA:116,1
DA:117,1
DA:119,1
DA:123,1
DA:133,1
DA:134,6
DA:138,1
DA:145,0
DA:149,1
DA:150,0
DA:153,1
DA:155,1
LF:57
LH:53
BRDA:31,0,0,1
BRDA:31,0,1,0
BRDA:33,1,0,1
BRDA:33,1,1,0
BRDA:149,2,0,0
BRDA:149,2,1,1
BRF:6
BRH:3
end_of_record
TN:
SF:D:\repos\blog-node-backend\src\config\appOptions.ts
FNF:0
FNH:0
DA:3,1
LF:1
LH:1
BRF:0
BRH:0
end_of_record
TN:
SF:D:\repos\blog-node-backend\src\config\config.ts
FNF:0
FNH:0
DA:1,1
DA:4,1
DA:6,1
LF:3
LH:3
BRDA:12,0,0,1
BRDA:12,0,1,0
BRDA:24,1,0,1
BRDA:24,1,1,0
BRF:4
BRH:2
end_of_record
TN:
SF:D:\repos\blog-node-backend\src\config\emailOptions.ts
FNF:0
FNH:0
DA:3,1
LF:1
LH:1
BRF:0
BRH:0
end_of_record
TN:
SF:D:\repos\blog-node-backend\src\config\jwtOptions.ts
FNF:0
FNH:0
DA:3,1
LF:1
LH:1
BRF:0
BRH:0
end_of_record
TN:
SF:D:\repos\blog-node-backend\src\controllers\Account.controller.ts
FN:28,(anonymous_1)
FN:32,(anonymous_2)
FN:75,(anonymous_3)
FN:76,(anonymous_4)
FN:87,(anonymous_5)
FN:138,(anonymous_6)
FN:148,(anonymous_7)
FN:184,(anonymous_8)
FN:276,(anonymous_9)
FN:352,(anonymous_10)
FN:484,(anonymous_11)
FN:540,(anonymous_12)
FN:633,(anonymous_13)
FN:695,(anonymous_14)
FN:770,(anonymous_15)
FN:880,(anonymous_16)
FN:914,(anonymous_17)
FN:919,(anonymous_18)
FN:924,(anonymous_19)
FN:928,(anonymous_20)
FN:932,(anonymous_21)
FN:938,(anonymous_22)
FN:945,(anonymous_23)
FN:955,(anonymous_24)
FN:977,(anonymous_25)
FN:1001,(anonymous_26)
FNF:26
FNH:4
FNDA:1,(anonymous_1)
FNDA:1,(anonymous_2)
FNDA:0,(anonymous_3)
FNDA:0,(anonymous_4)
FNDA:0,(anonymous_5)
FNDA:0,(anonymous_6)
FNDA:0,(anonymous_7)
FNDA:8,(anonymous_8)
FNDA:0,(anonymous_9)
FNDA:0,(anonymous_10)
FNDA:0,(anonymous_11)
FNDA:0,(anonymous_12)
FNDA:0,(anonymous_13)
FNDA:0,(anonymous_14)
FNDA:0,(anonymous_15)
FNDA:0,(anonymous_16)
FNDA:0,(anonymous_17)
FNDA:0,(anonymous_18)
FNDA:0,(anonymous_19)
FNDA:0,(anonymous_20)
FNDA:0,(anonymous_21)
FNDA:0,(anonymous_22)
FNDA:0,(anonymous_23)
FNDA:0,(anonymous_24)
FNDA:1,(anonymous_25)
FNDA:0,(anonymous_26)
DA:2,1
DA:3,1
DA:4,1
DA:5,1
DA:6,1
DA:7,1
DA:8,1
DA:9,1
DA:10,1
DA:11,1
DA:12,1
DA:13,1
DA:14,1
DA:15,1
DA:16,1
DA:17,1
DA:18,1
DA:19,1
DA:20,1
DA:21,1
DA:22,1
DA:23,1
DA:24,1
DA:25,1
DA:27,1
DA:29,1
DA:33,1
DA:34,1
DA:35,1
DA:36,1
DA:41,1
DA:42,1
DA:47,1
DA:48,1
DA:52,1
DA:53,1
DA:76,0
DA:77,0
DA:78,0
DA:79,0
DA:82,0
DA:83,0
DA:87,0
DA:88,0
DA:89,0
DA:92,0
DA:94,0
DA:101,0
DA:107,0
DA:113,0
DA:123,0
DA:143,0
DA:144,0
DA:145,0
DA:147,0
DA:148,0
DA:149,0
DA:153,0
DA:161,0
DA:162,0
DA:189,8
DA:196,8
DA:198,8
DA:199,7
DA:200,6
DA:201,5
DA:202,4
DA:209,3
DA:215,3
DA:216,2
DA:222,1
DA:226,1
DA:227,0
DA:233,1
DA:234,1
DA:242,1
DA:247,1
DA:249,1
DA:256,7
DA:281,0
DA:282,0
DA:284,0
DA:288,0
DA:289,0
DA:295,0
DA:300,0
DA:301,0
DA:307,0
DA:308,0
DA:314,0
DA:316,0
DA:318,0
DA:323,0
DA:330,0
DA:357,0
DA:364,0
DA:366,0
DA:367,0
DA:373,0
DA:374,0
DA:380,0
DA:381,0
DA:387,0
DA:388,0
DA:394,0
DA:398,0
DA:399,0
DA:405,0
DA:412,0
DA:413,0
DA:419,0
DA:426,0
DA:427,0
DA:433,0
DA:435,0
DA:437,0
DA:440,0
DA:448,0
DA:455,0
DA:456,0
DA:459,0
DA:466,0
DA:489,0
DA:490,0
DA:491,0
DA:497,0
DA:498,0
DA:504,0
DA:506,0
DA:507,0
DA:514,0
DA:521,0
DA:545,0
DA:546,0
DA:548,0
DA:565,0
DA:566,0
DA:572,0
DA:573,0
DA:580,0
DA:584,0
DA:585,0
DA:591,0
DA:595,0
DA:603,0
DA:607,0
DA:614,0
DA:638,0
DA:639,0
DA:640,0
DA:641,0
DA:647,0
DA:648,0
DA:654,0
DA:660,0
DA:661,0
DA:667,0
DA:668,0
DA:675,0
DA:676,0
DA:677,0
DA:678,0
DA:679,0
DA:680,0
DA:681,0
DA:683,0
DA:687,0
DA:688,0
DA:690,0
DA:694,0
DA:695,0
DA:698,0
DA:706,0
DA:708,0
DA:735,0
DA:736,0
DA:742,0
DA:749,0
DA:775,0
DA:776,0
DA:778,0
DA:779,0
DA:785,0
DA:786,0
DA:792,0
DA:793,0
DA:799,0
DA:800,0
DA:806,0
DA:813,0
DA:814,0
DA:820,0
DA:821,0
DA:827,0
DA:832,0
DA:833,0
DA:840,0
DA:842,0
DA:846,0
DA:851,0
DA:855,0
DA:862,0
DA:885,0
DA:886,0
DA:888,0
DA:901,0
DA:906,0
DA:907,0
DA:913,0
DA:914,0
DA:917,0
DA:918,0
DA:919,0
DA:923,0
DA:924,0
DA:927,0
DA:928,0
DA:931,0
DA:932,0
DA:935,0
DA:936,0
DA:937,0
DA:939,0
DA:940,0
DA:944,0
DA:945,0
DA:946,0
DA:948,0
DA:954,0
DA:955,0
DA:958,0
DA:960,0
DA:967,0
DA:982,1
DA:983,1
DA:984,1
DA:985,1
DA:986,1
DA:987,1
DA:989,1
DA:990,1
DA:991,1
DA:993,1
DA:995,1
DA:999,1
DA:1001,0
DA:1004,1
DA:1011,1
DA:1012,0
DA:1015,1
DA:1041,1
LF:251
LH:70
BRDA:77,0,0,0
BRDA:77,0,1,0
BRDA:82,1,0,0
BRDA:82,1,1,0
BRDA:88,2,0,0
BRDA:88,2,1,0
BRDA:147,3,0,0
BRDA:147,3,1,0
BRDA:215,4,0,2
BRDA:215,4,1,1
BRDA:226,5,0,0
BRDA:226,5,1,1
BRDA:288,6,0,0
BRDA:288,6,1,0
BRDA:300,7,0,0
BRDA:300,7,1,0
BRDA:307,8,0,0
BRDA:307,8,1,0
BRDA:366,9,0,0
BRDA:366,9,1,0
BRDA:366,10,0,0
BRDA:366,10,1,0
BRDA:373,11,0,0
BRDA:373,11,1,0
BRDA:373,12,0,0
BRDA:373,12,1,0
BRDA:380,13,0,0
BRDA:380,13,1,0
BRDA:380,14,0,0
BRDA:380,14,1,0
BRDA:387,15,0,0
BRDA:387,15,1,0
BRDA:387,16,0,0
BRDA:387,16,1,0
BRDA:398,17,0,0
BRDA:398,17,1,0
BRDA:412,18,0,0
BRDA:412,18,1,0
BRDA:426,19,0,0
BRDA:426,19,1,0
BRDA:435,20,0,0
BRDA:435,20,1,0
BRDA:455,21,0,0
BRDA:455,21,1,0
BRDA:497,22,0,0
BRDA:497,22,1,0
BRDA:506,23,0,0
BRDA:506,23,1,0
BRDA:565,24,0,0
BRDA:565,24,1,0
BRDA:572,25,0,0
BRDA:572,25,1,0
BRDA:584,26,0,0
BRDA:584,26,1,0
BRDA:640,27,0,0
BRDA:640,27,1,0
BRDA:640,28,0,0
BRDA:640,28,1,0
BRDA:647,29,0,0
BRDA:647,29,1,0
BRDA:647,30,0,0
BRDA:647,30,1,0
BRDA:660,31,0,0
BRDA:660,31,1,0
BRDA:667,32,0,0
BRDA:667,32,1,0
BRDA:694,33,0,0
BRDA:694,33,1,0
BRDA:694,34,0,0
BRDA:694,34,1,0
BRDA:735,35,0,0
BRDA:735,35,1,0
BRDA:778,36,0,0
BRDA:778,36,1,0
BRDA:778,37,0,0
BRDA:778,37,1,0
BRDA:785,38,0,0
BRDA:785,38,1,0
BRDA:785,39,0,0
BRDA:785,39,1,0
BRDA:792,40,0,0
BRDA:792,40,1,0
BRDA:792,41,0,0
BRDA:792,41,1,0
BRDA:799,42,0,0
BRDA:799,42,1,0
BRDA:799,43,0,0
BRDA:799,43,1,0
BRDA:813,44,0,0
BRDA:813,44,1,0
BRDA:820,45,0,0
BRDA:820,45,1,0
BRDA:832,46,0,0
BRDA:832,46,1,0
BRDA:906,47,0,0
BRDA:906,47,1,0
BRDA:913,48,0,0
BRDA:913,48,1,0
BRDA:913,49,0,0
BRDA:913,49,1,0
BRDA:917,50,0,0
BRDA:917,50,1,0
BRDA:917,51,0,0
BRDA:917,51,1,0
BRDA:923,52,0,0
BRDA:923,52,1,0
BRDA:923,53,0,0
BRDA:923,53,1,0
BRDA:927,54,0,0
BRDA:927,54,1,0
BRDA:927,55,0,0
BRDA:927,55,1,0
BRDA:931,56,0,0
BRDA:931,56,1,0
BRDA:931,57,0,0
BRDA:931,57,1,0
BRDA:935,58,0,0
BRDA:935,58,1,0
BRDA:935,59,0,0
BRDA:935,59,1,0
BRDA:944,60,0,0
BRDA:944,60,1,0
BRDA:944,61,0,0
BRDA:944,61,1,0
BRDA:946,62,0,0
BRDA:946,62,1,0
BRDA:954,63,0,0
BRDA:954,63,1,0
BRDA:954,64,0,0
BRDA:954,64,1,0
BRDA:999,65,0,0
BRDA:999,65,1,1
BRDA:999,66,0,1
BRDA:999,66,1,1
BRDA:1011,67,0,0
BRDA:1011,67,1,1
BRF:136
BRH:7
end_of_record
TN:
SF:D:\repos\blog-node-backend\src\controllers\Me.controller.ts
FN:27,(anonymous_1)
FN:30,(anonymous_2)
FN:82,(anonymous_3)
FN:144,(anonymous_4)
FN:237,(anonymous_5)
FN:316,(anonymous_6)
FN:386,(anonymous_7)
FN:396,(anonymous_8)
FN:439,(anonymous_9)
FN:476,(anonymous_10)
FN:546,(anonymous_11)
FN:619,(anonymous_12)
FN:679,(anonymous_13)
FN:717,(anonymous_14)
FN:800,(anonymous_15)
FN:832,(anonymous_16)
FN:898,(anonymous_17)
FN:1028,(anonymous_18)
FN:1086,(anonymous_19)
FN:1092,(anonymous_20)
FN:1100,(anonymous_21)
FN:1113,(anonymous_22)
FN:1198,(anonymous_23)
FN:1307,(anonymous_24)
FN:1315,(anonymous_25)
FN:1323,(anonymous_26)
FN:1329,(anonymous_27)
FN:1337,(anonymous_28)
FN:1350,(anonymous_29)
FN:1417,(anonymous_30)
FN:1476,(anonymous_31)
FN:1483,(anonymous_32)
FN:1490,(anonymous_33)
FN:1497,(anonymous_34)
FN:1505,(anonymous_35)
FN:1524,(anonymous_36)
FN:1533,(anonymous_37)
FNF:37
FNH:2
FNDA:1,(anonymous_1)
FNDA:1,(anonymous_2)
FNDA:0,(anonymous_3)
FNDA:0,(anonymous_4)
FNDA:0,(anonymous_5)
FNDA:0,(anonymous_6)
FNDA:0,(anonymous_7)
FNDA:0,(anonymous_8)
FNDA:0,(anonymous_9)
FNDA:0,(anonymous_10)
FNDA:0,(anonymous_11)
FNDA:0,(anonymous_12)
FNDA:0,(anonymous_13)
FNDA:0,(anonymous_14)
FNDA:0,(anonymous_15)
FNDA:0,(anonymous_16)
FNDA:0,(anonymous_17)
FNDA:0,(anonymous_18)
FNDA:0,(anonymous_19)
FNDA:0,(anonymous_20)
FNDA:0,(anonymous_21)
FNDA:0,(anonymous_22)
FNDA:0,(anonymous_23)
FNDA:0,(anonymous_24)
FNDA:0,(anonymous_25)
FNDA:0,(anonymous_26)
FNDA:0,(anonymous_27)
FNDA:0,(anonymous_28)
FNDA:0,(anonymous_29)
FNDA:0,(anonymous_30)
FNDA:0,(anonymous_31)
FNDA:0,(anonymous_32)
FNDA:0,(anonymous_33)
FNDA:0,(anonymous_34)
FNDA:0,(anonymous_35)
FNDA:0,(anonymous_36)
FNDA:0,(anonymous_37)
DA:2,1
DA:3,1
DA:4,1
DA:5,1
DA:6,1
DA:7,1
DA:8,1
DA:9,1
DA:10,1
DA:11,1
DA:13,1
DA:14,1
DA:15,1
DA:16,1
DA:17,1
DA:19,1
DA:20,1
DA:21,1
DA:23,1
DA:24,1
DA:26,1
DA:28,1
DA:31,1
DA:33,1
DA:34,1
DA:35,1
DA:36,1
DA:37,1
DA:43,1
DA:44,1
DA:46,1
DA:53,1
DA:60,1
DA:61,1
DA:63,1
DA:70,1
DA:87,0
DA:88,0
DA:90,0
DA:91,0
DA:97,0
DA:110,0
DA:111,0
DA:117,0
DA:124,0
DA:149,0
DA:150,0
DA:151,0
DA:152,0
DA:154,0
DA:156,0
DA:157,0
DA:169,0
DA:174,0
DA:214,0
DA:224,0
DA:242,0
DA:243,0
DA:245,0
DA:282,0
DA:283,0
DA:289,0
DA:296,0
DA:321,0
DA:322,0
DA:323,0
DA:325,0
DA:327,0
DA:329,0
DA:330,0
DA:337,0
DA:342,0
DA:358,0
DA:368,0
DA:391,0
DA:392,0
DA:394,0
DA:397,0
DA:398,0
DA:399,0
DA:401,0
DA:402,0
DA:405,0
DA:406,0
DA:409,0
DA:414,0
DA:421,0
DA:436,0
DA:439,0
DA:453,0
DA:463,0
DA:481,0
DA:482,0
DA:484,0
DA:501,0
DA:502,0
DA:508,0
DA:510,0
DA:512,0
DA:515,0
DA:517,0
DA:519,0
DA:526,0
DA:551,0
DA:552,0
DA:553,0
DA:555,0
DA:557,0
DA:559,0
DA:560,0
DA:567,0
DA:572,0
DA:589,0
DA:599,0
DA:624,0
DA:625,0
DA:626,0
DA:627,0
DA:629,0
DA:640,0
DA:641,0
DA:642,0
DA:648,0
DA:649,0
DA:655,0
DA:658,0
DA:665,0
DA:677,0
DA:678,0
DA:680,0
DA:688,0
DA:690,0
DA:697,0
DA:722,0
DA:723,0
DA:724,0
DA:726,0
DA:730,0
DA:731,0
DA:737,0
DA:739,0
DA:749,0
DA:750,0
DA:751,0
DA:757,0
DA:758,0
DA:764,0
DA:767,0
DA:773,0
DA:786,0
DA:798,0
DA:799,0
DA:801,0
DA:809,0
DA:811,0
DA:818,0
DA:837,0
DA:838,0
DA:840,0
DA:850,0
DA:851,0
DA:857,0
DA:859,0
DA:860,0
DA:866,0
DA:869,0
DA:871,0
DA:878,0
DA:903,0
DA:904,0
DA:905,0
DA:907,0
DA:909,0
DA:911,0
DA:912,0
DA:924,0
DA:942,0
DA:987,0
DA:997,0
DA:1033,0
DA:1041,0
DA:1043,0
DA:1044,0
DA:1050,0
DA:1051,0
DA:1057,0
DA:1058,0
DA:1059,0
DA:1061,0
DA:1065,0
DA:1067,0
DA:1073,0
DA:1084,0
DA:1085,0
DA:1087,0
DA:1091,0
DA:1093,0
DA:1098,0
DA:1099,0
DA:1101,0
DA:1102,0
DA:1112,0
DA:1114,0
DA:1119,0
DA:1160,0
DA:1167,0
DA:1203,0
DA:1204,0
DA:1206,0
DA:1230,0
DA:1231,0
DA:1245,0
DA:1247,0
DA:1248,0
DA:1254,0
DA:1255,0
DA:1261,0
DA:1262,0
DA:1263,0
DA:1265,0
DA:1274,0
DA:1276,0
DA:1282,0
DA:1305,0
DA:1306,0
DA:1308,0
DA:1313,0
DA:1314,0
DA:1316,0
DA:1321,0
DA:1322,0
DA:1324,0
DA:1328,0
DA:1330,0
DA:1335,0
DA:1336,0
DA:1338,0
DA:1339,0
DA:1349,0
DA:1351,0
DA:1356,0
DA:1397,0
DA:1404,0
DA:1422,0
DA:1423,0
DA:1424,0
DA:1465,0
DA:1466,0
DA:1472,0
DA:1474,0
DA:1475,0
DA:1477,0
DA:1481,0
DA:1482,0
DA:1484,0
DA:1488,0
DA:1489,0
DA:1491,0
DA:1495,0
DA:1496,0
DA:1498,0
DA:1503,0
DA:1504,0
DA:1506,0
DA:1511,0
DA:1513,0
DA:1520,0
DA:1526,0
DA:1531,0
DA:1532,0
DA:1534,0
LF:271
LH:36
BRDA:90,0,0,0
BRDA:90,0,1,0
BRDA:110,1,0,0
BRDA:110,1,1,0
BRDA:150,2,0,0
BRDA:150,2,1,0
BRDA:151,3,0,0
BRDA:151,3,1,0
BRDA:152,4,0,0
BRDA:152,4,1,0
BRDA:156,5,0,0
BRDA:156,5,1,0
BRDA:243,6,0,0
BRDA:243,6,1,0
BRDA:282,7,0,0
BRDA:282,7,1,0
BRDA:325,8,0,0
BRDA:325,8,1,0
BRDA:329,9,0,0
BRDA:329,9,1,0
BRDA:501,10,0,0
BRDA:501,10,1,0
BRDA:510,11,0,0
BRDA:510,11,1,0
BRDA:555,12,0,0
BRDA:555,12,1,0
BRDA:559,13,0,0
BRDA:559,13,1,0
BRDA:626,14,0,0
BRDA:626,14,1,0
BRDA:627,15,0,0
BRDA:627,15,1,0
BRDA:640,16,0,0
BRDA:640,16,1,0
BRDA:648,17,0,0
BRDA:648,17,1,0
BRDA:655,18,0,0
BRDA:655,18,1,0
BRDA:677,19,0,0
BRDA:677,19,1,0
BRDA:724,20,0,0
BRDA:724,20,1,0
BRDA:730,21,0,0
BRDA:730,21,1,0
BRDA:737,22,0,0
BRDA:737,22,1,0
BRDA:749,23,0,0
BRDA:749,23,1,0
BRDA:757,24,0,0
BRDA:757,24,1,0
BRDA:764,25,0,0
BRDA:764,25,1,0
BRDA:769,26,0,0
BRDA:769,26,1,0
BRDA:798,27,0,0
BRDA:798,27,1,0
BRDA:838,28,0,0
BRDA:838,28,1,0
BRDA:850,29,0,0
BRDA:850,29,1,0
BRDA:859,30,0,0
BRDA:859,30,1,0
BRDA:907,31,0,0
BRDA:907,31,1,0
BRDA:911,32,0,0
BRDA:911,32,1,0
BRDA:1043,33,0,0
BRDA:1043,33,1,0
BRDA:1043,34,0,0
BRDA:1043,34,1,0
BRDA:1050,35,0,0
BRDA:1050,35,1,0
BRDA:1050,36,0,0
BRDA:1050,36,1,0
BRDA:1059,37,0,0
BRDA:1059,37,1,0
BRDA:1065,38,0,0
BRDA:1065,38,1,0
BRDA:1084,39,0,0
BRDA:1084,39,1,0
BRDA:1084,40,0,0
BRDA:1084,40,1,0
BRDA:1098,41,0,0
BRDA:1098,41,1,0
BRDA:1098,42,0,0
BRDA:1098,42,1,0
BRDA:1230,43,0,0
BRDA:1230,43,1,0
BRDA:1247,44,0,0
BRDA:1247,44,1,0
BRDA:1247,45,0,0
BRDA:1247,45,1,0
BRDA:1254,46,0,0
BRDA:1254,46,1,0
BRDA:1254,47,0,0
BRDA:1254,47,1,0
BRDA:1263,48,0,0
BRDA:1263,48,1,0
BRDA:1274,49,0,0
BRDA:1274,49,1,0
BRDA:1305,50,0,0
BRDA:1305,50,1,0
BRDA:1305,51,0,0
BRDA:1305,51,1,0
BRDA:1313,52,0,0
BRDA:1313,52,1,0
BRDA:1313,53,0,0
BRDA:1313,53,1,0
BRDA:1321,54,0,0
BRDA:1321,54,1,0
BRDA:1321,55,0,0
BRDA:1321,55,1,0
BRDA:1335,56,0,0
BRDA:1335,56,1,0
BRDA:1335,57,0,0
BRDA:1335,57,1,0
BRDA:1423,58,0,0
BRDA:1423,58,1,0
BRDA:1465,59,0,0
BRDA:1465,59,1,0
BRDA:1474,60,0,0
BRDA:1474,60,1,0
BRDA:1474,61,0,0
BRDA:1474,61,1,0
BRDA:1481,62,0,0
BRDA:1481,62,1,0
BRDA:1481,63,0,0
BRDA:1481,63,1,0
BRDA:1488,64,0,0
BRDA:1488,64,1,0
BRDA:1488,65,0,0
BRDA:1488,65,1,0
BRDA:1495,66,0,0
BRDA:1495,66,1,0
BRDA:1495,67,0,0
BRDA:1495,67,1,0
BRDA:1503,68,0,0
BRDA:1503,68,1,0
BRDA:1503,69,0,0
BRDA:1503,69,1,0
BRDA:1531,70,0,0
BRDA:1531,70,1,0
BRF:142
BRH:0
end_of_record
TN:
SF:D:\repos\blog-node-backend\src\controllers\Posts.controller.ts
FN:20,(anonymous_1)
FN:24,(anonymous_2)
FN:44,(anonymous_3)
FNF:3
FNH:2
FNDA:1,(anonymous_1)
FNDA:1,(anonymous_2)
FNDA:0,(anonymous_3)
DA:2,1
DA:3,1
DA:4,1
DA:5,1
DA:6,1
DA:7,1
DA:8,1
DA:9,1
DA:11,1
DA:17,1
DA:19,1
DA:21,1
DA:25,1
DA:49,0
DA:51,0
DA:53,0
DA:55,0
DA:57,0
DA:59,0
DA:60,0
DA:72,0
DA:77,0
DA:117,0
DA:127,0
LF:24
LH:13
BRDA:51,0,0,0
BRDA:51,0,1,0
BRDA:51,0,2,0
BRDA:53,1,0,0
BRDA:53,1,1,0
BRDA:55,2,0,0
BRDA:55,2,1,0
BRDA:55,2,2,0
BRDA:59,3,0,0
BRDA:59,3,1,0
BRF:10
BRH:0
end_of_record
TN:
SF:D:\repos\blog-node-backend\src\controllers\Sample.controller.ts
FN:6,(anonymous_0)
FN:10,(anonymous_1)
FN:14,(anonymous_2)
FNF:3
FNH:2
FNDA:1,(anonymous_0)
FNDA:1,(anonymous_1)
FNDA:0,(anonymous_2)
DA:2,1
DA:3,1
DA:5,1
DA:7,1
DA:11,1
DA:19,0
DA:20,0
DA:27,0
LF:8
LH:5
BRF:0
BRH:0
end_of_record
TN:
SF:D:\repos\blog-node-backend\src\controllers\Tags.controller.ts
FN:20,(anonymous_1)
FN:23,(anonymous_2)
FN:44,(anonymous_3)
FN:113,(anonymous_4)
FNF:4
FNH:2
FNDA:1,(anonymous_1)
FNDA:1,(anonymous_2)
FNDA:0,(anonymous_3)
FNDA:0,(anonymous_4)
DA:2,1
DA:3,1
DA:4,1
DA:5,1
DA:6,1
DA:7,1
DA:8,1
DA:9,1
DA:11,1
DA:16,1
DA:17,1
DA:19,1
DA:21,1
DA:24,1
DA:25,1
DA:49,0
DA:51,0
DA:53,0
DA:55,0
DA:57,0
DA:59,0
DA:60,0
DA:61,0
DA:64,0
DA:69,0
DA:83,0
DA:93,0
DA:118,0
DA:119,0
DA:121,0
DA:123,0
DA:124,0
DA:126,0
DA:131,0
DA:132,0
DA:138,0
DA:140,0
DA:141,0
DA:153,0
DA:167,0
DA:210,0
DA:221,0
LF:42
LH:15
BRDA:53,0,0,0
BRDA:53,0,1,0
BRDA:53,0,2,0
BRDA:55,1,0,0
BRDA:55,1,1,0
BRDA:57,2,0,0
BRDA:57,2,1,0
BRDA:57,2,2,0
BRDA:60,3,0,0
BRDA:60,3,1,0
BRDA:119,4,0,0
BRDA:119,4,1,0
BRDA:121,5,0,0
BRDA:121,5,1,0
BRDA:121,5,2,0
BRDA:123,6,0,0
BRDA:123,6,1,0
BRDA:124,7,0,0
BRDA:124,7,1,0
BRDA:124,7,2,0
BRDA:131,8,0,0
BRDA:131,8,1,0
BRDA:140,9,0,0
BRDA:140,9,1,0
BRF:24
BRH:0
end_of_record
TN:
SF:D:\repos\blog-node-backend\src\controllers\Users.controller.ts
FN:21,(anonymous_1)
FN:25,(anonymous_2)
FN:61,(anonymous_3)
FN:170,(anonymous_4)
FN:297,(anonymous_5)
FN:330,(anonymous_6)
FN:468,(anonymous_7)
FN:523,(anonymous_8)
FN:569,(anonymous_9)
FN:625,(anonymous_10)
FNF:10
FNH:2
FNDA:1,(anonymous_1)
FNDA:1,(anonymous_2)
FNDA:0,(anonymous_3)
FNDA:0,(anonymous_4)
FNDA:0,(anonymous_5)
FNDA:0,(anonymous_6)
FNDA:0,(anonymous_7)
FNDA:0,(anonymous_8)
FNDA:0,(anonymous_9)
FNDA:0,(anonymous_10)
DA:2,1
DA:4,1
DA:5,1
DA:6,1
DA:7,1
DA:8,1
DA:9,1
DA:10,1
DA:11,1
DA:12,1
DA:17,1
DA:18,1
DA:20,1
DA:22,1
DA:26,1
DA:27,1
DA:28,1
DA:29,1
DA:33,1
DA:38,1
DA:66,0
DA:68,0
DA:69,0
DA:71,0
DA:72,0
DA:74,0
DA:76,0
DA:81,0
DA:83,0
DA:89,0
DA:91,0
DA:92,0
DA:104,0
DA:109,0
DA:149,0
DA:159,0
DA:175,0
DA:177,0
DA:178,0
DA:180,0
DA:182,0
DA:188,0
DA:189,0
DA:194,0
DA:196,0
DA:201,0
DA:202,0
DA:208,0
DA:252,0
DA:253,0
DA:259,0
DA:261,0
DA:267,0
DA:270,0
DA:277,0
DA:302,0
DA:303,0
DA:310,0
DA:335,0
DA:337,0
DA:338,0
DA:339,0
DA:341,0
DA:342,0
DA:344,0
DA:346,0
DA:351,0
DA:352,0
DA:358,0
DA:366,0
DA:367,0
DA:373,0
DA:375,0
DA:376,0
DA:388,0
DA:400,0
DA:443,0
DA:455,0
DA:473,0
DA:475,0
DA:476,0
DA:478,0
DA:479,0
DA:485,0
DA:486,0
DA:491,0
DA:493,0
DA:498,0
DA:499,0
DA:505,0
DA:518,0
DA:519,0
DA:522,0
DA:523,0
DA:526,0
DA:527,0
DA:533,0
DA:535,0
DA:549,0
DA:556,0
DA:574,0
DA:576,0
DA:577,0
DA:579,0
DA:580,0
DA:586,0
DA:587,0
DA:592,0
DA:594,0
DA:599,0
DA:600,0
DA:606,0
DA:620,0
DA:621,0
DA:624,0
DA:625,0
DA:627,0
DA:628,0
DA:634,0
DA:636,0
DA:650,0
DA:657,0
LF:122
LH:20
BRDA:69,0,0,0
BRDA:69,0,1,0
BRDA:71,1,0,0
BRDA:71,1,1,0
BRDA:72,2,0,0
BRDA:72,2,1,0
BRDA:81,3,0,0
BRDA:81,3,1,0
BRDA:91,4,0,0
BRDA:91,4,1,0
BRDA:180,5,0,0
BRDA:180,5,1,0
BRDA:188,6,0,0
BRDA:188,6,1,0
BRDA:201,7,0,0
BRDA:201,7,1,0
BRDA:252,8,0,0
BRDA:252,8,1,0
BRDA:259,9,0,0
BRDA:259,9,1,0
BRDA:259,10,0,0
BRDA:259,10,1,0
BRDA:264,11,0,0
BRDA:264,11,1,0
BRDA:339,12,0,0
BRDA:339,12,1,0
BRDA:341,13,0,0
BRDA:341,13,1,0
BRDA:342,14,0,0
BRDA:342,14,1,0
BRDA:351,15,0,0
BRDA:351,15,1,0
BRDA:366,16,0,0
BRDA:366,16,1,0
BRDA:375,17,0,0
BRDA:375,17,1,0
BRDA:478,18,0,0
BRDA:478,18,1,0
BRDA:485,19,0,0
BRDA:485,19,1,0
BRDA:498,20,0,0
BRDA:498,20,1,0
BRDA:518,21,0,0
BRDA:518,21,1,0
BRDA:526,22,0,0
BRDA:526,22,1,0
BRDA:579,23,0,0
BRDA:579,23,1,0
BRDA:586,24,0,0
BRDA:586,24,1,0
BRDA:599,25,0,0
BRDA:599,25,1,0
BRDA:620,26,0,0
BRDA:620,26,1,0
BRDA:627,27,0,0
BRDA:627,27,1,0
BRF:56
BRH:0
end_of_record
TN:
SF:D:\repos\blog-node-backend\src\helpers\converter.ts
FN:4,(anonymous_1)
FNF:1
FNH:0
FNDA:0,(anonymous_1)
DA:1,1
DA:2,1
DA:4,1
DA:7,0
DA:10,0
LF:5
LH:3
BRF:0
BRH:0
end_of_record
TN:
SF:D:\repos\blog-node-backend\src\helpers\stringHelper.ts
FN:10,(anonymous_0)
FN:36,(anonymous_1)
FN:48,(anonymous_2)
FN:83,(anonymous_3)
FN:102,(anonymous_4)
FN:113,(anonymous_5)
FN:131,(anonymous_6)
FNF:7
FNH:2
FNDA:0,(anonymous_0)
FNDA:0,(anonymous_1)
FNDA:0,(anonymous_2)
FNDA:0,(anonymous_3)
FNDA:0,(anonymous_4)
FNDA:1,(anonymous_5)
FNDA:32,(anonymous_6)
DA:10,1
DA:14,0
DA:15,0
DA:16,0
DA:18,0
DA:19,0
DA:20,0
DA:24,0
DA:27,0
DA:36,1
DA:37,0
DA:38,0
DA:41,0
DA:48,1
DA:49,0
DA:50,0
DA:51,0
DA:52,0
DA:53,0
DA:55,0
DA:56,0
DA:58,0
DA:63,0
DA:64,0
DA:67,0
DA:68,0
DA:70,0
DA:71,0
DA:74,0
DA:83,1
DA:88,0
DA:89,0
DA:92,0
DA:94,0
DA:102,1
DA:103,0
DA:104,0
DA:106,0
DA:113,1
DA:114,1
DA:116,1
DA:117,1
DA:119,1
DA:120,32
DA:123,1
DA:131,1
DA:132,32
LF:47
LH:14
BRDA:11,0,0,0
BRDA:15,1,0,0
BRDA:15,1,1,0
BRDA:19,2,0,0
BRDA:19,2,1,0
BRDA:37,3,0,0
BRDA:37,3,1,0
BRDA:50,4,0,0
BRDA:50,4,1,0
BRDA:52,5,0,0
BRDA:52,5,1,0
BRDA:55,6,0,0
BRDA:55,6,1,0
BRDA:63,7,0,0
BRDA:63,7,1,0
BRDA:88,8,0,0
BRDA:88,8,1,0
BRDA:102,9,0,0
BRDA:103,10,0,0
BRDA:103,10,1,0
BRDA:103,11,0,0
BRDA:103,11,1,0
BRDA:103,11,2,0
BRDA:113,12,0,0
BRDA:131,13,0,0
BRDA:131,14,0,0
BRF:26
BRH:0
end_of_record
TN:
SF:D:\repos\blog-node-backend\src\lib\post.helper.ts
FN:7,(anonymous_0)
FN:22,(anonymous_1)
FNF:2
FNH:2
FNDA:4,(anonymous_0)
FNDA:3,(anonymous_1)
DA:1,2
DA:7,2
DA:8,4
DA:9,1
DA:12,3
DA:22,2
DA:23,3
LF:7
LH:7
BRDA:8,0,0,1
BRDA:8,0,1,3
BRF:2
BRH:2
end_of_record
TN:
SF:D:\repos\blog-node-backend\src\lib\sendMail.ts
FN:4,(anonymous_1)
FNF:1
FNH:1
FNDA:1,(anonymous_1)
DA:1,1
DA:4,1
DA:5,1
DA:6,1
DA:8,1
DA:13,0
DA:14,0
DA:16,0
DA:19,0
DA:22,0
DA:24,0
DA:33,0
DA:35,0
DA:41,0
DA:43,0
DA:45,0
LF:16
LH:5
BRDA:6,0,0,1
BRDA:6,0,1,0
BRDA:14,1,0,0
BRDA:14,1,1,0
BRF:4
BRH:1
end_of_record
TN:
SF:D:\repos\blog-node-backend\src\lib\tryParseInt.ts
FN:7,(anonymous_0)
FNF:1
FNH:0
FNDA:0,(anonymous_0)
DA:7,1
DA:12,0
DA:13,0
DA:15,0
DA:16,0
DA:18,0
LF:6
LH:1
BRDA:9,0,0,0
BRDA:10,1,0,0
BRDA:12,2,0,0
BRDA:12,2,1,0
BRDA:16,3,0,0
BRDA:16,3,1,0
BRF:6
BRH:0
end_of_record
TN:
SF:D:\repos\blog-node-backend\src\middleware\authWithJwt.ts
FN:5,(anonymous_1)
FN:15,(anonymous_2)
FNF:2
FNH:0
FNDA:0,(anonymous_1)
FNDA:0,(anonymous_2)
DA:1,1
DA:3,1
DA:5,1
DA:10,0
DA:11,0
DA:15,0
DA:16,0
DA:17,0
DA:29,0
DA:30,0
DA:42,0
LF:11
LH:3
BRDA:16,0,0,0
BRDA:16,0,1,0
BRDA:29,1,0,0
BRDA:29,1,1,0
BRDA:29,2,0,0
BRDA:29,2,1,0
BRF:6
BRH:0
end_of_record
TN:
SF:D:\repos\blog-node-backend\src\middleware\errorProcess.ts
FN:7,(anonymous_0)
FN:18,(anonymous_1)
FNF:2
FNH:1
FNDA:0,(anonymous_0)
FNDA:7,(anonymous_1)
DA:2,1
DA:3,1
DA:5,1
DA:7,1
DA:13,0
DA:15,0
DA:18,1
DA:25,7
DA:26,7
DA:28,0
DA:35,7
LF:11
LH:8
BRDA:25,0,0,7
BRDA:25,0,1,0
BRDA:31,1,0,0
BRDA:31,1,1,0
BRF:4
BRH:1
end_of_record
TN:
SF:D:\repos\blog-node-backend\src\middleware\uload.ts
FN:8,(anonymous_1)
FN:26,(anonymous_2)
FNF:2
FNH:0
FNDA:0,(anonymous_1)
FNDA:0,(anonymous_2)
DA:1,1
DA:2,1
DA:3,1
DA:4,1
DA:6,1
DA:14,0
DA:15,0
DA:16,0
DA:19,0
DA:20,0
DA:21,0
DA:24,0
DA:31,0
DA:32,0
DA:35,0
LF:15
LH:5
BRDA:20,0,0,0
BRDA:20,0,1,0
BRF:2
BRH:0
end_of_record
TN:
SF:D:\repos\blog-node-backend\src\models\Category.model.ts
FN:44,(anonymous_2)
FN:48,(anonymous_3)
FN:51,(anonymous_4)
FN:51,(anonymous_5)
FNF:4
FNH:4
FNDA:2,(anonymous_2)
FNDA:2,(anonymous_3)
FNDA:2,(anonymous_4)
FNDA:1,(anonymous_5)
DA:1,1
DA:13,1
DA:14,1
DA:15,1
DA:25,1
DA:29,1
DA:34,1
DA:40,1
DA:44,2
DA:46,1
DA:48,2
DA:49,1
DA:51,2
DA:52,1
LF:14
LH:14
BRF:0
BRH:0
end_of_record
TN:
SF:D:\repos\blog-node-backend\src\models\Comment.model.ts
FN:39,(anonymous_2)
FN:43,(anonymous_3)
FN:47,(anonymous_4)
FN:51,(anonymous_5)
FNF:4
FNH:4
FNDA:6,(anonymous_2)
FNDA:2,(anonymous_3)
FNDA:2,(anonymous_4)
FNDA:2,(anonymous_5)
DA:1,1
DA:11,1
DA:12,1
DA:22,1
DA:26,1
DA:31,1
DA:36,1
DA:39,6
DA:41,1
DA:43,2
DA:44,1
DA:47,2
DA:49,1
DA:51,2
DA:52,1
LF:15
LH:15
BRF:0
BRH:0
end_of_record
TN:
SF:D:\repos\blog-node-backend\src\models\Image.model.ts
FN:60,(anonymous_2)
FN:64,(anonymous_3)
FN:67,(anonymous_4)
FN:67,(anonymous_5)
FNF:4
FNH:4
FNDA:2,(anonymous_2)
FNDA:2,(anonymous_3)
FNDA:2,(anonymous_4)
FNDA:1,(anonymous_5)
DA:1,1
DA:13,1
DA:14,1
DA:15,1
DA:25,1
DA:29,1
DA:34,1
DA:39,1
DA:44,1
DA:50,1
DA:57,1
DA:60,2
DA:62,1
DA:64,2
DA:65,1
DA:67,2
DA:68,1
LF:17
LH:17
BRF:0
BRH:0
end_of_record
TN:
SF:D:\repos\blog-node-backend\src\models\Post.model.ts
FN:94,(anonymous_2)
FN:98,(anonymous_3)
FN:101,(anonymous_4)
FN:101,(anonymous_5)
FN:104,(anonymous_6)
FN:107,(anonymous_7)
FN:110,(anonymous_8)
FN:110,(anonymous_9)
FN:113,(anonymous_10)
FN:113,(anonymous_11)
FN:116,(anonymous_12)
FN:116,(anonymous_13)
FNF:12
FNH:12
FNDA:1,(anonymous_2)
FNDA:2,(anonymous_3)
FNDA:2,(anonymous_4)
FNDA:1,(anonymous_5)
FNDA:2,(anonymous_6)
FNDA:2,(anonymous_7)
FNDA:2,(anonymous_8)
FNDA:1,(anonymous_9)
FNDA:2,(anonymous_10)
FNDA:1,(anonymous_11)
FNDA:2,(anonymous_12)
FNDA:1,(anonymous_13)
DA:1,1
DA:15,1
DA:16,1
DA:17,1
DA:18,1
DA:19,1
DA:20,1
DA:21,1
DA:22,1
DA:23,1
DA:24,1
DA:34,1
DA:37,1
DA:42,1
DA:46,1
DA:50,1
DA:54,1
DA:58,1
DA:62,1
DA:67,1
DA:72,1
DA:77,1
DA:82,1
DA:87,1
DA:91,1
DA:94,1
DA:96,1
DA:98,2
DA:99,1
DA:101,2
DA:102,1
DA:104,2
DA:105,1
DA:107,2
DA:108,1
DA:110,2
DA:111,1
DA:113,2
DA:114,1
DA:116,2
DA:118,1
LF:41
LH:41
BRF:0
BRH:0
end_of_record
TN:
SF:D:\repos\blog-node-backend\src\models\PostAccessLog.model.ts
FN:37,(anonymous_2)
FN:41,(anonymous_3)
FNF:2
FNH:2
FNDA:2,(anonymous_2)
FNDA:2,(anonymous_3)
DA:1,1
DA:13,1
DA:23,1
DA:26,1
DA:30,1
DA:34,1
DA:37,2
DA:39,1
DA:41,2
DA:42,1
LF:10
LH:10
BRF:0
BRH:0
end_of_record
TN:
SF:D:\repos\blog-node-backend\src\models\PostCategory.model.ts
FN:27,(anonymous_2)
FN:33,(anonymous_3)
FNF:2
FNH:2
FNDA:6,(anonymous_2)
FNDA:2,(anonymous_3)
DA:1,1
DA:13,1
DA:14,1
DA:24,1
DA:27,6
DA:29,1
DA:33,2
DA:35,1
LF:8
LH:8
BRF:0
BRH:0
end_of_record
TN:
SF:D:\repos\blog-node-backend\src\models\PostImage.model.ts
FN:27,(anonymous_2)
FN:33,(anonymous_3)
FNF:2
FNH:2
FNDA:6,(anonymous_2)
FNDA:2,(anonymous_3)
DA:1,1
DA:13,1
DA:14,1
DA:24,1
DA:27,6
DA:29,1
DA:33,2
DA:35,1
LF:8
LH:8
BRF:0
BRH:0
end_of_record
TN:
SF:D:\repos\blog-node-backend\src\models\PostTag.model.ts
FN:27,(anonymous_2)
FN:33,(anonymous_3)
FNF:2
FNH:2
FNDA:6,(anonymous_2)
FNDA:2,(anonymous_3)
DA:1,1
DA:13,1
DA:14,1
DA:24,1
DA:27,6
DA:29,1
DA:33,2
DA:35,1
LF:8
LH:8
BRF:0
BRH:0
end_of_record
TN:
SF:D:\repos\blog-node-backend\src\models\ResetPasswordCode.model.ts
FN:41,(anonymous_2)
FN:45,(anonymous_3)
FNF:2
FNH:2
FNDA:2,(anonymous_2)
FNDA:2,(anonymous_3)
DA:1,1
DA:13,1
DA:23,1
DA:26,1
DA:30,1
DA:34,1
DA:38,1
DA:41,2
DA:43,1
DA:45,2
DA:46,1
LF:11
LH:11
BRF:0
BRH:0
end_of_record
TN:
SF:D:\repos\blog-node-backend\src\models\Tag.model.ts
FN:32,(anonymous_2)
FN:32,(anonymous_3)
FNF:2
FNH:2
FNDA:2,(anonymous_2)
FNDA:1,(anonymous_3)
DA:1,1
DA:12,1
DA:13,1
DA:23,1
DA:26,1
DA:30,1
DA:32,2
DA:33,1
LF:8
LH:8
BRF:0
BRH:0
end_of_record
TN:
SF:D:\repos\blog-node-backend\src\models\User.model.ts
FN:55,(anonymous_2)
FN:58,(anonymous_3)
FN:61,(anonymous_4)
FN:64,(anonymous_5)
FN:67,(anonymous_6)
FN:68,(anonymous_7)
FN:73,(anonymous_8)
FN:76,(anonymous_9)
FNF:8
FNH:8
FNDA:2,(anonymous_2)
FNDA:2,(anonymous_3)
FNDA:2,(anonymous_4)
FNDA:2,(anonymous_5)
FNDA:2,(anonymous_6)
FNDA:1,(anonymous_7)
FNDA:2,(anonymous_8)
FNDA:2,(anonymous_9)
DA:1,1
DA:13,1
DA:14,1
DA:15,1
DA:16,1
DA:17,1
DA:18,1
DA:19,1
DA:29,1
DA:32,1
DA:36,1
DA:40,1
DA:44,1
DA:49,1
DA:53,1
DA:55,2
DA:56,1
DA:58,2
DA:59,1
DA:61,2
DA:62,1
DA:64,2
DA:65,1
DA:67,2
DA:68,1
DA:71,1
DA:73,2
DA:74,1
DA:76,2
DA:77,1
LF:30
LH:30
BRF:0
BRH:0
end_of_record
TN:
SF:D:\repos\blog-node-backend\src\models\UserLikePost.model.ts
FN:27,(anonymous_2)
FN:33,(anonymous_3)
FNF:2
FNH:2
FNDA:6,(anonymous_2)
FNDA:2,(anonymous_3)
DA:1,1
DA:13,1
DA:14,1
DA:24,1
DA:27,6
DA:29,1
DA:33,2
DA:35,1
LF:8
LH:8
BRF:0
BRH:0
end_of_record
TN:
SF:D:\repos\blog-node-backend\src\models\UserVerifyCode.model.ts
FN:38,(anonymous_2)
FN:42,(anonymous_3)
FNF:2
FNH:2
FNDA:2,(anonymous_2)
FNDA:2,(anonymous_3)
DA:1,1
DA:14,1
DA:24,1
DA:27,1
DA:31,1
DA:35,1
DA:38,2
DA:40,1
DA:42,2
DA:43,1
LF:10
LH:10
BRF:0
BRH:0
end_of_record
TN:
SF:D:\repos\blog-node-backend\src\models\index.ts
FNF:0
FNH:0
DA:1,1
DA:2,1
DA:4,1
DA:5,1
DA:6,1
DA:7,1
DA:8,1
DA:9,1
DA:10,1
DA:11,1
DA:12,1
DA:13,1
DA:14,1
DA:15,1
DA:16,1
DA:17,1
DA:19,1
DA:20,1
DA:21,1
DA:23,1
DA:46,1
LF:21
LH:21
BRDA:19,0,0,1
BRDA:19,0,1,0
BRF:2
BRH:1
end_of_record
TN:
SF:D:\repos\blog-node-backend\src\passport\PassportInitializer.ts
FN:14,(anonymous_1)
FN:20,(anonymous_2)
FN:21,(anonymous_3)
FN:26,(anonymous_4)
FN:50,(anonymous_5)
FN:59,(anonymous_6)
FN:124,(anonymous_7)
FN:134,(anonymous_8)
FNF:8
FNH:4
FNDA:1,(anonymous_1)
FNDA:1,(anonymous_2)
FNDA:0,(anonymous_3)
FNDA:0,(anonymous_4)
FNDA:1,(anonymous_5)
FNDA:0,(anonymous_6)
FNDA:1,(anonymous_7)
FNDA:0,(anonymous_8)
DA:2,1
DA:3,1
DA:4,1
DA:5,1
DA:6,1
DA:11,1
DA:13,1
DA:15,1
DA:16,1
DA:17,1
DA:21,1
DA:22,0
DA:23,0
DA:26,1
DA:27,0
DA:28,0
DA:29,0
DA:42,0
DA:44,0
DA:45,0
DA:51,1
DA:69,0
DA:70,0
DA:74,0
DA:75,0
DA:80,0
DA:83,0
DA:89,0
DA:94,0
DA:95,0
DA:106,0
DA:109,0
DA:115,0
DA:117,0
DA:125,1
DA:132,1
DA:143,0
DA:144,0
DA:146,0
DA:153,0
DA:154,0
DA:159,0
DA:163,0
DA:165,0
DA:167,0
DA:168,0
DA:175,1
LF:47
LH:16
BRDA:74,0,0,0
BRDA:74,0,1,0
BRDA:80,1,0,0
BRDA:80,1,1,0
BRDA:94,2,0,0
BRDA:94,2,1,0
BRDA:153,3,0,0
BRDA:153,3,1,0
BRF:8
BRH:0
end_of_record
TN:
SF:D:\repos\blog-node-backend\src\passport\Session.model.ts
FNF:0
FNH:0
DA:1,1
DA:16,1
DA:19,1
DA:23,1
DA:27,1
LF:5
LH:5
BRF:0
BRH:0
end_of_record
TN:
SF:D:\repos\blog-node-backend\src\passport\databaseSessionStore.ts
FN:20,(anonymous_1)
FN:34,(anonymous_2)
FN:40,(anonymous_3)
FN:41,(anonymous_4)
FN:49,(anonymous_5)
FN:54,(anonymous_6)
FN:70,(anonymous_7)
FN:79,(anonymous_8)
FN:98,(anonymous_9)
FN:104,(anonymous_10)
FN:112,(anonymous_11)
FN:120,(anonymous_12)
FN:123,(anonymous_13)
FN:128,(anonymous_14)
FN:130,(anonymous_15)
FNF:15
FNH:2
FNDA:1,(anonymous_1)
FNDA:0,(anonymous_2)
FNDA:0,(anonymous_3)
FNDA:0,(anonymous_4)
FNDA:0,(anonymous_5)
FNDA:0,(anonymous_6)
FNDA:0,(anonymous_7)
FNDA:0,(anonymous_8)
FNDA:0,(anonymous_9)
FNDA:0,(anonymous_10)
FNDA:0,(anonymous_11)
FNDA:0,(anonymous_12)
FNDA:0,(anonymous_13)
FNDA:1,(anonymous_14)
FNDA:0,(anonymous_15)
DA:1,1
DA:2,1
DA:3,1
DA:6,1
DA:16,1
DA:21,1
DA:23,1
DA:30,1
DA:31,1
DA:34,1
DA:35,0
DA:40,0
DA:42,0
DA:43,0
DA:44,0
DA:49,1
DA:53,0
DA:55,0
DA:56,0
DA:57,0
DA:60,0
DA:64,0
DA:66,0
DA:67,0
DA:71,0
DA:73,0
DA:74,0
DA:79,1
DA:84,0
DA:85,0
DA:88,0
DA:90,0
DA:96,0
DA:99,0
DA:100,0
DA:101,0
DA:105,0
DA:106,0
DA:107,0
DA:113,0
DA:121,0
DA:124,0
DA:129,1
DA:130,0
LF:44
LH:13
BRDA:43,0,0,0
BRDA:43,0,1,0
BRDA:58,1,0,0
BRDA:58,1,1,0
BRDA:61,2,0,0
BRDA:61,2,1,0
BRDA:64,3,0,0
BRDA:64,3,1,0
BRDA:66,4,0,0
BRDA:66,4,1,0
BRDA:73,5,0,0
BRDA:73,5,1,0
BRDA:100,6,0,0
BRDA:100,6,1,0
BRDA:106,7,0,0
BRDA:106,7,1,0
BRDA:25,8,0,1
BRDA:25,8,1,0
BRDA:27,9,0,1
BRDA:27,9,1,1
BRF:20
BRH:3
end_of_record
TN:
SF:D:\repos\blog-node-backend\src\typings\ControllerBase.ts
FN:8,(anonymous_0)
FN:14,(anonymous_1)
FN:18,(anonymous_2)
FN:26,(anonymous_3)
FNF:4
FNH:3
FNDA:6,(anonymous_0)
FNDA:6,(anonymous_1)
FNDA:0,(anonymous_2)
FNDA:30,(anonymous_3)
DA:1,1
DA:3,1
DA:5,1
DA:6,6
DA:9,6
DA:15,6
DA:23,0
DA:27,30
DA:28,5
LF:9
LH:8
BRDA:20,0,0,0
BRDA:21,1,0,0
BRDA:27,2,0,5
BRDA:27,2,1,25
BRDA:27,3,0,30
BRDA:27,3,1,25
BRF:6
BRH:4
end_of_record
TN:
SF:D:\repos\blog-node-backend\src\typings\HttpStatusError.ts
FN:16,(anonymous_0)
FNF:1
FNH:1
FNDA:7,(anonymous_0)
DA:9,1
DA:17,7
DA:18,7
DA:19,7
DA:20,7
DA:21,7
LF:6
LH:6
BRDA:17,0,0,7
BRDA:17,0,1,7
BRDA:18,1,0,7
BRDA:18,1,1,0
BRDA:19,2,0,7
BRDA:19,2,1,0
BRDA:20,3,0,7
BRDA:20,3,1,7
BRDA:21,4,0,0
BRDA:21,4,1,7
BRF:10
BRH:7
end_of_record
TN:
SF:D:\repos\blog-node-backend\src\typings\JsonResult.ts
FN:31,(anonymous_0)
FN:7,(anonymous_1)
FN:17,(anonymous_2)
FNF:3
FNH:3
FNDA:9,(anonymous_0)
FNDA:1,(anonymous_1)
FNDA:7,(anonymous_2)
DA:4,1
DA:5,1
DA:8,1
DA:10,1
DA:11,1
DA:12,1
DA:14,1
DA:20,7
DA:32,9
DA:33,8
DA:34,8
DA:35,8
LF:12
LH:12
BRDA:32,0,0,8
BRDA:32,0,1,1
BRDA:23,1,0,7
BRDA:23,1,1,0
BRF:4
BRH:3
end_of_record
TN:
SF:D:\repos\blog-node-backend\src\typings\defaultUserAttributes.ts
FNF:0
FNH:0
DA:1,1
LF:1
LH:1
BRF:0
BRH:0
end_of_record
